#
# A fatal error has been detected by the Java Runtime Environment:
#
#  SIGSEGV (0xb) at pc=0x000000010ecd82b8, pid=77473, tid=0x0000000000000307
#
# JRE version: OpenJDK Runtime Environment (8.0_242) (build 1.8.0_242-release-1644-b3-6915495)
# Java VM: OpenJDK 64-Bit Server VM (25.242-b3-6915495 mixed mode bsd-amd64 compressed oops)
# Problematic frame:
# V  [libjvm.dylib+0x2d82b8]  jni_GetObjectClass+0xee
#
# Failed to write core dump. Core dumps have been disabled. To enable core dumping, try "ulimit -c unlimited" before starting Java again
#
# If you would like to submit a bug report, please visit:
#   http://bugreport.java.com/bugreport/crash.jsp
#

---------------  T H R E A D  ---------------

Current thread (0x00007fade19b1800):  JavaThread "AWT-AppKit" daemon [_thread_in_vm, id=775, stack(0x00007ffee1244000,0x00007ffee1a44000)]

siginfo: si_signo: 11 (SIGSEGV), si_code: 1 (SEGV_MAPERR), si_addr: 0x0000000000000000

Registers:
RAX=0x0000000000000000, RBX=0x00007fade19b1800, RCX=0x0000000000000258, RDX=0x0000000000000000
RSP=0x00007ffee1a40640, RBP=0x00007ffee1a40690, RSI=0x0000000000000000, RDI=0x00007fade19b19e0
R8 =0x00007fade0d7f350, R9 =0x000000000000001f, R10=0x0000000100000000, R11=0x00007fff2ccc26a2
R12=0x00000000000000b0, R13=0x00007fade0d72260, R14=0x00007fade19b19e0, R15=0x0000000000000000
RIP=0x000000010ecd82b8, EFLAGS=0x0000000000010246, ERR=0x0000000000000004
  TRAPNO=0x000000000000000e

Top of Stack: (sp=0x00007ffee1a40640)
0x00007ffee1a40640:   0000000000000000 00007fade19b1800
0x00007ffee1a40650:   0000000000000000 0000000000000000
0x00007ffee1a40660:   0000000000000000 00007fade19b1800
0x00007ffee1a40670:   00007fade19b1800 00007fade0c4c190
0x00007ffee1a40680:   00007fade0d73d50 00007fade19b19e0
0x00007ffee1a40690:   00007ffee1a406f0 0000000119c593a7
0x00007ffee1a406a0:   0000000000000000 0000000000000000
0x00007ffee1a406b0:   0000000000000000 0000000000000000
0x00007ffee1a406c0:   41065f9c77facd3b 00007fade0f837a0
0x00007ffee1a406d0:   00000000000000b0 00007fade0d72260
0x00007ffee1a406e0:   00007fade0d73d50 00007fff73c39cdc
0x00007ffee1a406f0:   00007ffee1a40b20 00007fff2cc2dd5d
0x00007ffee1a40700:   00007fade0d419d0 00007ffee1a40740
0x00007ffee1a40710:   00007fade0c4c190 00007fff8fe8d0c0
0x00007ffee1a40720:   0000000000000001 00007fff8fe8df00
0x00007ffee1a40730:   00007ffee1a40790 00007fff686ffe50
0x00007ffee1a40740:   00007fade0d419d0 00007fade0d419e0
0x00007ffee1a40750:   12b2fe9dc3a00000 ffff80521f3b3e70
0x00007ffee1a40760:   0000000000000002 00007fade0d72260
0x00007ffee1a40770:   00007fff2d73112f 00007fade0d72260
0x00007ffee1a40780:   00007fff86b30bb8 0000000000000005
0x00007ffee1a40790:   00007ffee1a407b0 00007fff2ccc397f
0x00007ffee1a407a0:   00000000000000b0 00007fade0d2f0f0
0x00007ffee1a407b0:   00007ffee1a40b20 00007fff2ccba578
0x00007ffee1a407c0:   00007ffee1a407f0 00007fff2f79b4dd
0x00007ffee1a407d0:   0000000000000010 00007fade0d172f0
0x00007ffee1a407e0:   00007ffee1a408b0 00007ffee1a40890
0x00007ffee1a407f0:   00007ffee1a40810 00007fff2f7bfe4a
0x00007ffee1a40800:   0000000000000000 00007ffee1a408b0
0x00007ffee1a40810:   00007ffee1a40910 00007fff2f7c0918
0x00007ffee1a40820:   00007fade0f9ce30 00007ffee1a40930
0x00007ffee1a40830:   0100000000000002 00007fff8ffd04c0 

Instructions: (pc=0x000000010ecd82b8)
0x000000010ecd8298:   48 39 43 08 74 09 48 8d 7d b8 e8 2d 41 1b 00 4c
0x000000010ecd82a8:   89 f7 4c 89 fe 90 0f 1f 40 00 41 f6 c7 01 75 05
0x000000010ecd82b8:   49 8b 07 eb 08 4c 89 ff e8 55 48 03 00 48 8d 0d
0x000000010ecd82c8:   2d 9d 54 00 80 39 00 74 15 8b 40 08 48 8d 15 fd 

Register to memory mapping:

RAX=0x0000000000000000 is an unknown value
RBX=0x00007fade19b1800 is a thread
RCX=0x0000000000000258 is an unknown value
RDX=0x0000000000000000 is an unknown value
RSP=0x00007ffee1a40640 is pointing into the stack for thread: 0x00007fade19b1800
RBP=0x00007ffee1a40690 is pointing into the stack for thread: 0x00007fade19b1800
RSI=0x0000000000000000 is an unknown value
RDI=0x00007fade19b19e0 is an unknown value
R8 =0x00007fade0d7f350 is an unknown value
R9 =0x000000000000001f is an unknown value
R10=0x0000000100000000 is an unknown value
R11=0x00007fff2ccc26a2: -[NSEvent timestamp]+0 in /System/Library/Frameworks/AppKit.framework/Versions/C/AppKit at 0x00007fff2ca46000
R12=0x00000000000000b0 is an unknown value
R13=0x00007fade0d72260 is an unknown value
R14=0x00007fade19b19e0 is an unknown value
R15=0x0000000000000000 is an unknown value


Stack: [0x00007ffee1244000,0x00007ffee1a44000],  sp=0x00007ffee1a40640,  free space=8177k
Native frames: (J=compiled Java code, j=interpreted, Vv=VM code, C=native code)
V  [libjvm.dylib+0x2d82b8]  jni_GetObjectClass+0xee
C  [liblwjgl.dylib+0xb3a7]  -[MacOSXOpenGLView scrollWheel:]+0x77
C  [AppKit+0x1e7d5d]  -[NSWindow(NSEventRouting) _reallySendEvent:isDelayedEvent:]+0x1970
C  [AppKit+0x1e61c9]  -[NSWindow(NSEventRouting) sendEvent:]+0x15d
C  [AppKit+0x1e4d36]  -[NSApplication(NSEvent) sendEvent:]+0x942
C  [libosxapp.dylib+0x2310]  -[NSApplicationAWT sendEvent:]+0x125
C  [AppKit+0x315bf]  -[NSApplication run]+0x2c3
C  [libosxapp.dylib+0x201a]  +[NSApplicationAWT runAWTLoopWithApp:]+0xdb
C  [libawt_lwawt.dylib+0x4740b]  -[AWTStarter starter:]+0x358
C  [Foundation+0x9b0ed]  __NSThreadPerformPerform+0xcc
C  [CoreFoundation+0x83d52]  __CFRUNLOOP_IS_CALLING_OUT_TO_A_SOURCE0_PERFORM_FUNCTION__+0x11
C  [CoreFoundation+0x83cf1]  __CFRunLoopDoSource0+0x67
C  [CoreFoundation+0x83b0b]  __CFRunLoopDoSources0+0xd1
C  [CoreFoundation+0x8283a]  __CFRunLoopRun+0x39f
C  [CoreFoundation+0x81e3e]  CFRunLoopRunSpecific+0x1ce
C  [java+0x50ca]  CreateExecutionEnvironment+0x36b
C  [java+0x16a2]  JLI_Launch+0x756
C  [java+0x7956]  main+0x4c
C  [java+0xf44]  start+0x34
C  0x0000000000000008


---------------  P R O C E S S  ---------------

Java Threads: ( => current thread )
  0x00007fade2995000 JavaThread "DestroyJavaVM" [_thread_blocked, id=4355, stack(0x0000700002563000,0x0000700002663000)]
  0x00007fade213c800 JavaThread "LWJGL Application" [_thread_in_Java, id=65031, stack(0x0000700003a31000,0x0000700003b31000)]
  0x00007fade10d8000 JavaThread "AWT-Shutdown" [_thread_blocked, id=38427, stack(0x000070000361c000,0x000070000371c000)]
=>0x00007fade19b1800 JavaThread "AWT-AppKit" daemon [_thread_in_vm, id=775, stack(0x00007ffee1244000,0x00007ffee1a44000)]
  0x00007fade282a800 JavaThread "Service Thread" daemon [_thread_blocked, id=17667, stack(0x000070000328d000,0x000070000338d000)]
  0x00007fade1838000 JavaThread "C1 CompilerThread2" daemon [_thread_blocked, id=13827, stack(0x000070000318a000,0x000070000328a000)]
  0x00007fade182f800 JavaThread "C2 CompilerThread1" daemon [_thread_blocked, id=17923, stack(0x0000700003087000,0x0000700003187000)]
  0x00007fade182d800 JavaThread "C2 CompilerThread0" daemon [_thread_blocked, id=18179, stack(0x0000700002f84000,0x0000700003084000)]
  0x00007fade181c800 JavaThread "Signal Dispatcher" daemon [_thread_blocked, id=18691, stack(0x0000700002e81000,0x0000700002f81000)]
  0x00007fade2822000 JavaThread "Finalizer" daemon [_thread_blocked, id=11523, stack(0x0000700002c78000,0x0000700002d78000)]
  0x00007fade1818000 JavaThread "Reference Handler" daemon [_thread_blocked, id=20995, stack(0x0000700002b75000,0x0000700002c75000)]

Other Threads:
  0x00007fade2012800 VMThread [stack: 0x0000700002a72000,0x0000700002b72000] [id=21251]
  0x00007fade282a000 WatcherThread [stack: 0x0000700003390000,0x0000700003490000] [id=17155]

VM state:not at safepoint (normal execution)

VM Mutex/Monitor currently owned by a thread: None

heap address: 0x0000000740000000, size: 2048 MB, Compressed Oops mode: Zero based, Oop shift amount: 3
Narrow klass base: 0x0000000000000000, Narrow klass shift: 3
Compressed class space size: 1073741824 Address: 0x00000007c0000000

Heap:
 PSYoungGen      total 38400K, used 10005K [0x0000000795580000, 0x0000000798000000, 0x00000007c0000000)
  eden space 33280K, 30% used [0x0000000795580000,0x0000000795f454c0,0x0000000797600000)
  from space 5120K, 0% used [0x0000000797b00000,0x0000000797b00000,0x0000000798000000)
  to   space 5120K, 0% used [0x0000000797600000,0x0000000797600000,0x0000000797b00000)
 ParOldGen       total 87552K, used 0K [0x0000000740000000, 0x0000000745580000, 0x0000000795580000)
  object space 87552K, 0% used [0x0000000740000000,0x0000000740000000,0x0000000745580000)
 Metaspace       used 6398K, capacity 6562K, committed 6656K, reserved 1056768K
  class space    used 679K, capacity 761K, committed 768K, reserved 1048576K

Card table byte_map: [0x000000010fd23000,0x0000000110124000] byte_map_base: 0x000000010c323000

Marking Bits: (ParMarkBitMap*) 0x000000010f2273f8
 Begin Bits: [0x00000001103cf000, 0x00000001123cf000)
 End Bits:   [0x00000001123cf000, 0x00000001143cf000)

Polling page: 0x000000010e1f0000

CodeCache: size=245760Kb used=2156Kb max_used=2159Kb free=243603Kb
 bounds [0x000000011df51000, 0x000000011e1c1000, 0x000000012cf51000]
 total_blobs=759 nmethods=444 adapters=230
 compilation: enabled

Compilation events (10 events):
Event: 3.499 Thread 0x00007fade1838000 nmethod 438 0x000000011e166f10 code [0x000000011e167080, 0x000000011e167468]
Event: 3.499 Thread 0x00007fade1838000  439       3       java.security.CodeSource::getCertificates (98 bytes)
Event: 3.503 Thread 0x00007fade1838000 nmethod 439 0x000000011e165cd0 code [0x000000011e165f00, 0x000000011e166af8]
Event: 3.503 Thread 0x00007fade1838000  442       1       java.util.jar.JarFile::access$300 (5 bytes)
Event: 3.503 Thread 0x00007fade1838000 nmethod 442 0x000000011e165a10 code [0x000000011e165b60, 0x000000011e165c50]
Event: 3.509 Thread 0x00007fade1838000  443   !   3       java.lang.ref.Finalizer::add (41 bytes)
Event: 3.510 Thread 0x00007fade182d800 nmethod 440 0x000000011e1650d0 code [0x000000011e165240, 0x000000011e1656b8]
Event: 3.512 Thread 0x00007fade1838000 nmethod 443 0x000000011e164a90 code [0x000000011e164c00, 0x000000011e164fb0]
Event: 3.512 Thread 0x00007fade1838000  444       3       sun.misc.PerfCounter::addElapsedTimeFrom (10 bytes)
Event: 3.514 Thread 0x00007fade1838000 nmethod 444 0x000000011e16cfd0 code [0x000000011e16d180, 0x000000011e16d8b8]

GC Heap History (0 events):
No events

Deoptimization events (0 events):
No events

Classes redefined (0 events):
No events

Internal exceptions (10 events):
Event: 1.932 Thread 0x00007fade100d000 Exception <a 'java/lang/NoSuchFieldError': method resolution failed> (0x0000000795a98028) thrown at [/Volumes/Android/buildbot/src/googleplex-android/openjdk/out/hotspot/src/share/vm/prims/methodHandles.cpp, line 1167]
Event: 1.940 Thread 0x00007fade100d000 Exception <a 'java/lang/NoSuchFieldError': method resolution failed> (0x0000000795aa5778) thrown at [/Volumes/Android/buildbot/src/googleplex-android/openjdk/out/hotspot/src/share/vm/prims/methodHandles.cpp, line 1167]
Event: 2.817 Thread 0x00007fade100d000 Exception <a 'java/io/FileNotFoundException'> (0x0000000795b20260) thrown at [/Volumes/Android/buildbot/src/googleplex-android/openjdk/out/hotspot/src/share/vm/prims/jni.cpp, line 710]
Event: 2.818 Thread 0x00007fade100d000 Exception <a 'java/io/FileNotFoundException'> (0x0000000795b20de8) thrown at [/Volumes/Android/buildbot/src/googleplex-android/openjdk/out/hotspot/src/share/vm/prims/jni.cpp, line 710]
Event: 2.946 Thread 0x00007fade100d000 Exception <a 'java/security/PrivilegedActionException'> (0x0000000795b3c310) thrown at [/Volumes/Android/buildbot/src/googleplex-android/openjdk/out/hotspot/src/share/vm/prims/jvm.cpp, line 1502]
Event: 2.946 Thread 0x00007fade100d000 Exception <a 'java/security/PrivilegedActionException'> (0x0000000795b3def8) thrown at [/Volumes/Android/buildbot/src/googleplex-android/openjdk/out/hotspot/src/share/vm/prims/jvm.cpp, line 1502]
Event: 2.946 Thread 0x00007fade100d000 Exception <a 'java/security/PrivilegedActionException'> (0x0000000795b3f018) thrown at [/Volumes/Android/buildbot/src/googleplex-android/openjdk/out/hotspot/src/share/vm/prims/jvm.cpp, line 1502]
Event: 2.947 Thread 0x00007fade100d000 Exception <a 'java/security/PrivilegedActionException'> (0x0000000795b441e8) thrown at [/Volumes/Android/buildbot/src/googleplex-android/openjdk/out/hotspot/src/share/vm/prims/jvm.cpp, line 1502]
Event: 2.947 Thread 0x00007fade100d000 Exception <a 'java/security/PrivilegedActionException'> (0x0000000795b44e40) thrown at [/Volumes/Android/buildbot/src/googleplex-android/openjdk/out/hotspot/src/share/vm/prims/jvm.cpp, line 1502]
Event: 2.947 Thread 0x00007fade100d000 Exception <a 'java/security/PrivilegedActionException'> (0x0000000795b45a68) thrown at [/Volumes/Android/buildbot/src/googleplex-android/openjdk/out/hotspot/src/share/vm/prims/jvm.cpp, line 1502]

Events (10 events):
Event: 3.529 loading class javax/swing/JRootPane
Event: 3.529 loading class javax/swing/JComponent
Event: 3.530 loading class javax/swing/TransferHandler$HasGetTransferHandler
Event: 3.530 loading class javax/swing/TransferHandler$HasGetTransferHandler done
Event: 3.533 loading class javax/swing/JComponent done
Event: 3.533 loading class javax/swing/JRootPane done
Event: 3.567 loading class org/lwjgl/opengl/AWTSurfaceLock
Event: 3.567 loading class org/lwjgl/opengl/AWTSurfaceLock done
Event: 3.570 loading class org/lwjgl/opengl/Display$7
Event: 3.570 loading class org/lwjgl/opengl/Display$7 done


Dynamic libraries:
0x00007fff2e8f1000 	/System/Library/Frameworks/Cocoa.framework/Versions/A/Cocoa
0x00007fff3c0e8000 	/System/Library/Frameworks/Security.framework/Versions/A/Security
0x00007fff2d856000 	/System/Library/Frameworks/ApplicationServices.framework/Versions/A/ApplicationServices
0x00007fff68dce000 	/usr/lib/libz.1.dylib
0x00007fff66894000 	/usr/lib/libSystem.B.dylib
0x00007fff2f793000 	/System/Library/Frameworks/CoreFoundation.framework/Versions/A/CoreFoundation
0x00007fff31e50000 	/System/Library/Frameworks/Foundation.framework/Versions/C/Foundation
0x00007fff686f2000 	/usr/lib/libobjc.A.dylib
0x00007fff2ca46000 	/System/Library/Frameworks/AppKit.framework/Versions/C/AppKit
0x00007fff2f275000 	/System/Library/Frameworks/CoreData.framework/Versions/A/CoreData
0x00007fff608a8000 	/System/Library/PrivateFrameworks/UIFoundation.framework/Versions/A/UIFoundation
0x00007fff5b93c000 	/System/Library/PrivateFrameworks/RemoteViewServices.framework/Versions/A/RemoteViewServices
0x00007fff63404000 	/System/Library/PrivateFrameworks/XCTTargetBootstrap.framework/Versions/A/XCTTargetBootstrap
0x00007fff2f660000 	/System/Library/Frameworks/CoreDisplay.framework/Versions/A/CoreDisplay
0x00007fff34d0a000 	/System/Library/Frameworks/Metal.framework/Versions/A/Metal
0x00007fff49902000 	/System/Library/PrivateFrameworks/DesktopServicesPriv.framework/Versions/A/DesktopServicesPriv
0x00007fff679cd000 	/usr/lib/liblangid.dylib
0x00007fff48b97000 	/System/Library/PrivateFrameworks/CoreSVG.framework/Versions/A/CoreSVG
0x00007fff5ea98000 	/System/Library/PrivateFrameworks/SkyLight.framework/Versions/A/SkyLight
0x00007fff2fc14000 	/System/Library/Frameworks/CoreGraphics.framework/Versions/A/CoreGraphics
0x00007fff2b41a000 	/System/Library/Frameworks/Accelerate.framework/Versions/A/Accelerate
0x00007fff68cbf000 	/usr/lib/libxml2.2.dylib
0x00007fff548a5000 	/System/Library/PrivateFrameworks/IconServices.framework/Versions/A/IconServices
0x00007fff3262f000 	/System/Library/Frameworks/IOSurface.framework/Versions/A/IOSurface
0x00007fff663be000 	/usr/lib/libDiagnosticMessagesClient.dylib
0x00007fff4975c000 	/System/Library/PrivateFrameworks/DFRFoundation.framework/Versions/A/DFRFoundation
0x00007fff6775e000 	/usr/lib/libicucore.A.dylib
0x00007fff2db88000 	/System/Library/Frameworks/AudioToolbox.framework/Versions/A/AudioToolbox
0x00007fff2dc6b000 	/System/Library/Frameworks/AudioUnit.framework/Versions/A/AudioUnit
0x00007fff66a96000 	/usr/lib/libauto.dylib
0x00007fff497fe000 	/System/Library/PrivateFrameworks/DataDetectorsCore.framework/Versions/A/DataDetectorsCore
0x00007fff2e412000 	/System/Library/Frameworks/Carbon.framework/Versions/A/Frameworks/HIToolbox.framework/Versions/A/HIToolbox
0x00007fff3b2e2000 	/System/Library/Frameworks/QuartzCore.framework/Versions/A/QuartzCore
0x00007fff2e751000 	/System/Library/Frameworks/Carbon.framework/Versions/A/Frameworks/SpeechRecognition.framework/Versions/A/SpeechRecognition
0x00007fff49270000 	/System/Library/PrivateFrameworks/CoreUI.framework/Versions/A/CoreUI
0x00007fff2ece0000 	/System/Library/Frameworks/CoreAudio.framework/Versions/A/CoreAudio
0x00007fff31b0f000 	/System/Library/Frameworks/DiskArbitration.framework/Versions/A/DiskArbitration
0x00007fff56921000 	/System/Library/PrivateFrameworks/MultitouchSupport.framework/Versions/A/MultitouchSupport
0x00007fff67625000 	/usr/lib/libenergytrace.dylib
0x00007fff32589000 	/System/Library/Frameworks/IOKit.framework/Versions/A/IOKit
0x00007fff30b7b000 	/System/Library/Frameworks/CoreServices.framework/Versions/A/CoreServices
0x00007fff58acf000 	/System/Library/PrivateFrameworks/PerformanceAnalysis.framework/Versions/A/PerformanceAnalysis
0x00007fff3a315000 	/System/Library/Frameworks/OpenGL.framework/Versions/A/OpenGL
0x00007fff2e8ff000 	/System/Library/Frameworks/ColorSync.framework/Versions/A/ColorSync
0x00007fff30297000 	/System/Library/Frameworks/CoreImage.framework/Versions/A/CoreImage
0x00007fff315ee000 	/System/Library/Frameworks/CoreText.framework/Versions/A/CoreText
0x00007fff326bf000 	/System/Library/Frameworks/ImageIO.framework/Versions/A/ImageIO
0x00007fff66b7a000 	/usr/lib/libc++.1.dylib
0x00007fff66bf6000 	/usr/lib/libcompression.dylib
0x00007fff66702000 	/usr/lib/libMobileGestalt.dylib
0x00007fff60612000 	/System/Library/PrivateFrameworks/TextureIO.framework/Versions/A/TextureIO
0x00007fff669f9000 	/usr/lib/libate.dylib
0x00007fff54aae000 	/System/Library/PrivateFrameworks/InternationalSupport.framework/Versions/A/InternationalSupport
0x00007fff6968f000 	/usr/lib/system/libcache.dylib
0x00007fff69695000 	/usr/lib/system/libcommonCrypto.dylib
0x00007fff696a1000 	/usr/lib/system/libcompiler_rt.dylib
0x00007fff696a9000 	/usr/lib/system/libcopyfile.dylib
0x00007fff696b3000 	/usr/lib/system/libcorecrypto.dylib
0x00007fff69852000 	/usr/lib/system/libdispatch.dylib
0x00007fff69893000 	/usr/lib/system/libdyld.dylib
0x00007fff698ca000 	/usr/lib/system/libkeymgr.dylib
0x00007fff698d8000 	/usr/lib/system/liblaunch.dylib
0x00007fff698d9000 	/usr/lib/system/libmacho.dylib
0x00007fff698df000 	/usr/lib/system/libquarantine.dylib
0x00007fff698e2000 	/usr/lib/system/libremovefile.dylib
0x00007fff698e4000 	/usr/lib/system/libsystem_asl.dylib
0x00007fff698fc000 	/usr/lib/system/libsystem_blocks.dylib
0x00007fff698fd000 	/usr/lib/system/libsystem_c.dylib
0x00007fff69985000 	/usr/lib/system/libsystem_configuration.dylib
0x00007fff69989000 	/usr/lib/system/libsystem_coreservices.dylib
0x00007fff6998d000 	/usr/lib/system/libsystem_darwin.dylib
0x00007fff69996000 	/usr/lib/system/libsystem_dnssd.dylib
0x00007fff6999e000 	/usr/lib/system/libsystem_featureflags.dylib
0x00007fff699a0000 	/usr/lib/system/libsystem_info.dylib
0x00007fff69a1b000 	/usr/lib/system/libsystem_m.dylib
0x00007fff69a63000 	/usr/lib/system/libsystem_malloc.dylib
0x00007fff69a8b000 	/usr/lib/system/libsystem_networkextension.dylib
0x00007fff69a99000 	/usr/lib/system/libsystem_notify.dylib
0x00007fff69ab7000 	/usr/lib/system/libsystem_sandbox.dylib
0x00007fff69abc000 	/usr/lib/system/libsystem_secinit.dylib
0x00007fff699ee000 	/usr/lib/system/libsystem_kernel.dylib
0x00007fff69aa3000 	/usr/lib/system/libsystem_platform.dylib
0x00007fff69aac000 	/usr/lib/system/libsystem_pthread.dylib
0x00007fff69abf000 	/usr/lib/system/libsystem_symptoms.dylib
0x00007fff69ac7000 	/usr/lib/system/libsystem_trace.dylib
0x00007fff69adf000 	/usr/lib/system/libunwind.dylib
0x00007fff69ae5000 	/usr/lib/system/libxpc.dylib
0x00007fff66bcd000 	/usr/lib/libc++abi.dylib
0x00007fff679cf000 	/usr/lib/liblzma.5.dylib
0x00007fff6764c000 	/usr/lib/libfakelink.dylib
0x00007fff66986000 	/usr/lib/libarchive.2.dylib
0x00007fff3d199000 	/System/Library/Frameworks/SystemConfiguration.framework/Versions/A/SystemConfiguration
0x00007fff662f1000 	/usr/lib/libCRFSuite.dylib
0x00007fff2e002000 	/System/Library/Frameworks/CFNetwork.framework/Versions/A/CFNetwork
0x00007fff66b5c000 	/usr/lib/libbsm.0.dylib
0x00007fff698cb000 	/usr/lib/system/libkxld.dylib
0x00007fff430d8000 	/System/Library/PrivateFrameworks/AppleFSCompression.framework/Versions/A/AppleFSCompression
0x00007fff66ee7000 	/usr/lib/libcoretls.dylib
0x00007fff66efe000 	/usr/lib/libcoretls_cfhelpers.dylib
0x00007fff68738000 	/usr/lib/libpam.2.dylib
0x00007fff6886d000 	/usr/lib/libsqlite3.dylib
0x00007fff68cac000 	/usr/lib/libxar.1.dylib
0x00007fff66b6d000 	/usr/lib/libbz2.1.0.dylib
0x00007fff6766d000 	/usr/lib/libiconv.2.dylib
0x00007fff66be3000 	/usr/lib/libcharset.1.dylib
0x00007fff681d5000 	/usr/lib/libnetwork.dylib
0x00007fff6873f000 	/usr/lib/libpcap.A.dylib
0x00007fff6693b000 	/usr/lib/libapple_nghttp2.dylib
0x00007fff30f32000 	/System/Library/Frameworks/CoreServices.framework/Versions/A/Frameworks/FSEvents.framework/Versions/A/FSEvents
0x00007fff30c02000 	/System/Library/Frameworks/CoreServices.framework/Versions/A/Frameworks/CarbonCore.framework/Versions/A/CarbonCore
0x00007fff31176000 	/System/Library/Frameworks/CoreServices.framework/Versions/A/Frameworks/Metadata.framework/Versions/A/Metadata
0x00007fff3120f000 	/System/Library/Frameworks/CoreServices.framework/Versions/A/Frameworks/OSServices.framework/Versions/A/OSServices
0x00007fff3123d000 	/System/Library/Frameworks/CoreServices.framework/Versions/A/Frameworks/SearchKit.framework/Versions/A/SearchKit
0x00007fff30b7c000 	/System/Library/Frameworks/CoreServices.framework/Versions/A/Frameworks/AE.framework/Versions/A/AE
0x00007fff30f3b000 	/System/Library/Frameworks/CoreServices.framework/Versions/A/Frameworks/LaunchServices.framework/Versions/A/LaunchServices
0x00007fff30ee4000 	/System/Library/Frameworks/CoreServices.framework/Versions/A/Frameworks/DictionaryServices.framework/Versions/A/DictionaryServices
0x00007fff312a5000 	/System/Library/Frameworks/CoreServices.framework/Versions/A/Frameworks/SharedFileList.framework/Versions/A/SharedFileList
0x00007fff36134000 	/System/Library/Frameworks/NetFS.framework/Versions/A/NetFS
0x00007fff56e51000 	/System/Library/PrivateFrameworks/NetAuth.framework/Versions/A/NetAuth
0x00007fff637d1000 	/System/Library/PrivateFrameworks/login.framework/Versions/A/Frameworks/loginsupport.framework/Versions/A/loginsupport
0x00007fff600dd000 	/System/Library/PrivateFrameworks/TCC.framework/Versions/A/TCC
0x00007fff47d0a000 	/System/Library/PrivateFrameworks/CoreNLP.framework/Versions/A/CoreNLP
0x00007fff56322000 	/System/Library/PrivateFrameworks/MetadataUtilities.framework/Versions/A/MetadataUtilities
0x00007fff67aa7000 	/usr/lib/libmecabra.dylib
0x00007fff679ff000 	/usr/lib/libmecab.dylib
0x00007fff6765d000 	/usr/lib/libgermantok.dylib
0x00007fff66922000 	/usr/lib/libThaiTokenizer.dylib
0x00007fff66328000 	/usr/lib/libChineseTokenizer.dylib
0x00007fff2b432000 	/System/Library/Frameworks/Accelerate.framework/Versions/A/Frameworks/vImage.framework/Versions/A/vImage
0x00007fff2c89c000 	/System/Library/Frameworks/Accelerate.framework/Versions/A/Frameworks/vecLib.framework/Versions/A/vecLib
0x00007fff2c7d9000 	/System/Library/Frameworks/Accelerate.framework/Versions/A/Frameworks/vecLib.framework/Versions/A/libvMisc.dylib
0x00007fff2c601000 	/System/Library/Frameworks/Accelerate.framework/Versions/A/Frameworks/vecLib.framework/Versions/A/libvDSP.dylib
0x00007fff2ba89000 	/System/Library/Frameworks/Accelerate.framework/Versions/A/Frameworks/vecLib.framework/Versions/A/libBLAS.dylib
0x00007fff2c1c5000 	/System/Library/Frameworks/Accelerate.framework/Versions/A/Frameworks/vecLib.framework/Versions/A/libLAPACK.dylib
0x00007fff2c561000 	/System/Library/Frameworks/Accelerate.framework/Versions/A/Frameworks/vecLib.framework/Versions/A/libLinearAlgebra.dylib
0x00007fff2c5ee000 	/System/Library/Frameworks/Accelerate.framework/Versions/A/Frameworks/vecLib.framework/Versions/A/libSparseBLAS.dylib
0x00007fff2c577000 	/System/Library/Frameworks/Accelerate.framework/Versions/A/Frameworks/vecLib.framework/Versions/A/libQuadrature.dylib
0x00007fff2bcf1000 	/System/Library/Frameworks/Accelerate.framework/Versions/A/Frameworks/vecLib.framework/Versions/A/libBNNS.dylib
0x00007fff2c57d000 	/System/Library/Frameworks/Accelerate.framework/Versions/A/Frameworks/vecLib.framework/Versions/A/libSparse.dylib
0x00007fff54e96000 	/System/Library/PrivateFrameworks/LanguageModeling.framework/Versions/A/LanguageModeling
0x00007fff476ba000 	/System/Library/PrivateFrameworks/CoreEmoji.framework/Versions/A/CoreEmoji
0x00007fff54fb4000 	/System/Library/PrivateFrameworks/LinguisticData.framework/Versions/A/LinguisticData
0x00007fff54f65000 	/System/Library/PrivateFrameworks/Lexicon.framework/Versions/A/Lexicon
0x00007fff66be4000 	/usr/lib/libcmph.dylib
0x00007fff38d23000 	/System/Library/Frameworks/OpenDirectory.framework/Versions/A/Frameworks/CFOpenDirectory.framework/Versions/A/CFOpenDirectory
0x00007fff38d40000 	/System/Library/Frameworks/OpenDirectory.framework/Versions/A/OpenDirectory
0x00007fff41183000 	/System/Library/PrivateFrameworks/APFS.framework/Versions/A/APFS
0x00007fff3c432000 	/System/Library/Frameworks/SecurityFoundation.framework/Versions/A/SecurityFoundation
0x00007fff68ca8000 	/usr/lib/libutil.dylib
0x00007fff48bef000 	/System/Library/PrivateFrameworks/CoreServicesStore.framework/Versions/A/CoreServicesStore
0x00007fff3c4e9000 	/System/Library/Frameworks/ServiceManagement.framework/Versions/A/ServiceManagement
0x00007fff448a8000 	/System/Library/PrivateFrameworks/BackgroundTaskManagement.framework/Versions/A/BackgroundTaskManagement
0x00007fff68da5000 	/usr/lib/libxslt.1.dylib
0x00007fff4374b000 	/System/Library/PrivateFrameworks/AppleSystemInfo.framework/Versions/A/AppleSystemInfo
0x00007fff328db000 	/System/Library/Frameworks/ImageIO.framework/Versions/A/Resources/libJPEG.dylib
0x00007fff32b98000 	/System/Library/Frameworks/ImageIO.framework/Versions/A/Resources/libTIFF.dylib
0x00007fff32b7b000 	/System/Library/Frameworks/ImageIO.framework/Versions/A/Resources/libPng.dylib
0x00007fff3281d000 	/System/Library/Frameworks/ImageIO.framework/Versions/A/Resources/libGIF.dylib
0x00007fff32821000 	/System/Library/Frameworks/ImageIO.framework/Versions/A/Resources/libJP2.dylib
0x00007fff32b96000 	/System/Library/Frameworks/ImageIO.framework/Versions/A/Resources/libRadiance.dylib
0x00007fff67626000 	/usr/lib/libexpat.1.dylib
0x00007fff43233000 	/System/Library/PrivateFrameworks/AppleJPEG.framework/Versions/A/AppleJPEG
0x00007fff4bf05000 	/System/Library/PrivateFrameworks/FontServices.framework/libFontParser.dylib
0x00007fff627d3000 	/System/Library/PrivateFrameworks/WatchdogClient.framework/Versions/A/WatchdogClient
0x00007fff544f1000 	/System/Library/PrivateFrameworks/IOAccelerator.framework/Versions/A/IOAccelerator
0x00007fff350a5000 	/System/Library/Frameworks/MetalPerformanceShaders.framework/Versions/A/MetalPerformanceShaders
0x00007fff50c81000 	/System/Library/PrivateFrameworks/GPUWrangler.framework/Versions/A/GPUWrangler
0x00007fff54506000 	/System/Library/PrivateFrameworks/IOPresentment.framework/Versions/A/IOPresentment
0x00007fff4976f000 	/System/Library/PrivateFrameworks/DSExternalDisplay.framework/Versions/A/DSExternalDisplay
0x00007fff396b4000 	/System/Library/Frameworks/OpenGL.framework/Versions/A/Libraries/libCoreFSCache.dylib
0x00007fff34df1000 	/System/Library/Frameworks/MetalPerformanceShaders.framework/Frameworks/MPSCore.framework/Versions/A/MPSCore
0x00007fff34e2f000 	/System/Library/Frameworks/MetalPerformanceShaders.framework/Frameworks/MPSImage.framework/Versions/A/MPSImage
0x00007fff34ef6000 	/System/Library/Frameworks/MetalPerformanceShaders.framework/Frameworks/MPSNeuralNetwork.framework/Versions/A/MPSNeuralNetwork
0x00007fff34eba000 	/System/Library/Frameworks/MetalPerformanceShaders.framework/Frameworks/MPSMatrix.framework/Versions/A/MPSMatrix
0x00007fff35055000 	/System/Library/Frameworks/MetalPerformanceShaders.framework/Frameworks/MPSRayIntersector.framework/Versions/A/MPSRayIntersector
0x00007fff34ee0000 	/System/Library/Frameworks/MetalPerformanceShaders.framework/Frameworks/MPSNDArray.framework/Versions/A/MPSNDArray
0x00007fff5636f000 	/System/Library/PrivateFrameworks/MetalTools.framework/Versions/A/MetalTools
0x00007fff4235d000 	/System/Library/PrivateFrameworks/AggregateDictionary.framework/Versions/A/AggregateDictionary
0x00007fff47102000 	/System/Library/PrivateFrameworks/CoreAnalytics.framework/Versions/A/CoreAnalytics
0x00007fff4366a000 	/System/Library/PrivateFrameworks/AppleSauce.framework/Versions/A/AppleSauce
0x00007fff665e4000 	/usr/lib/libIOReport.dylib
0x00007fff317a6000 	/System/Library/Frameworks/CoreVideo.framework/Versions/A/CoreVideo
0x00007fff520fa000 	/System/Library/PrivateFrameworks/GraphVisualizer.framework/Versions/A/GraphVisualizer
0x00007fff4b44b000 	/System/Library/PrivateFrameworks/FaceCore.framework/Versions/A/FaceCore
0x00007fff38cca000 	/System/Library/Frameworks/OpenCL.framework/Versions/A/OpenCL
0x00007fff66406000 	/usr/lib/libFosl_dynamic.dylib
0x00007fff57867000 	/System/Library/PrivateFrameworks/OTSVG.framework/Versions/A/OTSVG
0x00007fff2d95b000 	/System/Library/Frameworks/ApplicationServices.framework/Versions/A/Frameworks/ATS.framework/Versions/A/Resources/libFontRegistry.dylib
0x00007fff4c0d5000 	/System/Library/PrivateFrameworks/FontServices.framework/libhvf.dylib
0x00007fff396bf000 	/System/Library/Frameworks/OpenGL.framework/Versions/A/Libraries/libGFXShared.dylib
0x00007fff3989d000 	/System/Library/Frameworks/OpenGL.framework/Versions/A/Libraries/libGLU.dylib
0x00007fff396c8000 	/System/Library/Frameworks/OpenGL.framework/Versions/A/Libraries/libGL.dylib
0x00007fff396d3000 	/System/Library/Frameworks/OpenGL.framework/Versions/A/Libraries/libGLImage.dylib
0x00007fff396b1000 	/System/Library/Frameworks/OpenGL.framework/Versions/A/Libraries/libCVMSPluginSupport.dylib
0x00007fff396ba000 	/System/Library/Frameworks/OpenGL.framework/Versions/A/Libraries/libCoreVMClient.dylib
0x00007fff68076000 	/usr/lib/libncurses.5.4.dylib
0x00007fff2d857000 	/System/Library/Frameworks/ApplicationServices.framework/Versions/A/Frameworks/ATS.framework/Versions/A/ATS
0x00007fff2da24000 	/System/Library/Frameworks/ApplicationServices.framework/Versions/A/Frameworks/ColorSyncLegacy.framework/Versions/A/ColorSyncLegacy
0x00007fff2dac2000 	/System/Library/Frameworks/ApplicationServices.framework/Versions/A/Frameworks/HIServices.framework/Versions/A/HIServices
0x00007fff2db1a000 	/System/Library/Frameworks/ApplicationServices.framework/Versions/A/Frameworks/LangAnalysis.framework/Versions/A/LangAnalysis
0x00007fff2db29000 	/System/Library/Frameworks/ApplicationServices.framework/Versions/A/Frameworks/PrintCore.framework/Versions/A/PrintCore
0x00007fff2db6f000 	/System/Library/Frameworks/ApplicationServices.framework/Versions/A/Frameworks/QD.framework/Versions/A/QD
0x00007fff2db7a000 	/System/Library/Frameworks/ApplicationServices.framework/Versions/A/Frameworks/SpeechSynthesis.framework/Versions/A/SpeechSynthesis
0x00007fff2d9f4000 	/System/Library/Frameworks/ApplicationServices.framework/Versions/A/Frameworks/ATSUI.framework/Versions/A/ATSUI
0x00007fff674bc000 	/usr/lib/libcups.2.dylib
0x00007fff34140000 	/System/Library/Frameworks/Kerberos.framework/Versions/A/Kerberos
0x00007fff32282000 	/System/Library/Frameworks/GSS.framework/Versions/A/GSS
0x00007fff687f9000 	/usr/lib/libresolv.9.dylib
0x00007fff522a7000 	/System/Library/PrivateFrameworks/Heimdal.framework/Versions/A/Heimdal
0x00007fff34153000 	/System/Library/Frameworks/Kerberos.framework/Versions/A/Libraries/libHeimdalProxy.dylib
0x00007fff67663000 	/usr/lib/libheimdal-asn1.dylib
0x00007fff4659a000 	/System/Library/PrivateFrameworks/CommonAuth.framework/Versions/A/CommonAuth
0x00007fff437e8000 	/System/Library/PrivateFrameworks/AssertionServices.framework/Versions/A/AssertionServices
0x00007fff4438b000 	/System/Library/PrivateFrameworks/AudioToolboxCore.framework/Versions/A/AudioToolboxCore
0x00007fff63481000 	/System/Library/PrivateFrameworks/caulk.framework/Versions/A/caulk
0x00007fff44954000 	/System/Library/PrivateFrameworks/BaseBoard.framework/Versions/A/BaseBoard
0x00007fff5baca000 	/System/Library/PrivateFrameworks/RunningBoardServices.framework/Versions/A/RunningBoardServices
0x00007fff58adb000 	/System/Library/PrivateFrameworks/PersistentConnection.framework/Versions/A/PersistentConnection
0x00007fff5b4c3000 	/System/Library/PrivateFrameworks/ProtocolBuffer.framework/Versions/A/ProtocolBuffer
0x00007fff465be000 	/System/Library/PrivateFrameworks/CommonUtilities.framework/Versions/A/CommonUtilities
0x00007fff44ae2000 	/System/Library/PrivateFrameworks/Bom.framework/Versions/A/Bom
0x00007fff662b7000 	/usr/lib/libAudioToolboxUtility.dylib
0x00007fff448b2000 	/System/Library/PrivateFrameworks/Backup.framework/Versions/A/Backup
0x00007fff49690000 	/System/Library/PrivateFrameworks/CrashReporterSupport.framework/Versions/A/CrashReporterSupport
0x00007fff5d55c000 	/System/Library/PrivateFrameworks/Sharing.framework/Versions/A/Sharing
0x00007fff42df6000 	/System/Library/PrivateFrameworks/Apple80211.framework/Versions/A/Apple80211
0x00007fff445cf000 	/System/Library/PrivateFrameworks/AuthKit.framework/Versions/A/AuthKit
0x00007fff4939d000 	/System/Library/PrivateFrameworks/CoreUtils.framework/Versions/A/CoreUtils
0x00007fff317eb000 	/System/Library/Frameworks/CoreWLAN.framework/Versions/A/CoreWLAN
0x00007fff3240f000 	/System/Library/Frameworks/IOBluetooth.framework/Versions/A/IOBluetooth
0x00007fff566a0000 	/System/Library/PrivateFrameworks/MobileKeyBag.framework/Versions/A/MobileKeyBag
0x00007fff481a2000 	/System/Library/PrivateFrameworks/CorePhoneNumbers.framework/Versions/A/CorePhoneNumbers
0x00007fff431e6000 	/System/Library/PrivateFrameworks/AppleIDAuthSupport.framework/Versions/A/AppleIDAuthSupport
0x00007fff36141000 	/System/Library/Frameworks/Network.framework/Versions/A/Network
0x00007fff54d42000 	/System/Library/PrivateFrameworks/KeychainCircle.framework/Versions/A/KeychainCircle
0x00007fff2f23c000 	/System/Library/Frameworks/CoreBluetooth.framework/Versions/A/CoreBluetooth
0x00007fff5f5db000 	/System/Library/PrivateFrameworks/SpeechRecognitionCore.framework/Versions/A/SpeechRecognitionCore
0x000000010ea00000 	/Applications/Android Studio.app/Contents/jre/jdk/Contents/Home/jre/lib/server/libjvm.dylib
0x00007fff68b7b000 	/usr/lib/libstdc++.6.dylib
0x000000010f8b8000 	/Applications/Android Studio.app/Contents/jre/jdk/Contents/Home/jre/lib/libverify.dylib
0x000000010f8ca000 	/Applications/Android Studio.app/Contents/jre/jdk/Contents/Home/jre/lib/libjava.dylib
0x000000010f954000 	/Applications/Android Studio.app/Contents/jre/jdk/Contents/Home/jre/lib/libzip.dylib
0x0000000116d30000 	/Applications/Android Studio.app/Contents/jre/jdk/Contents/Home/jre/lib/libnio.dylib
0x0000000116d4b000 	/Applications/Android Studio.app/Contents/jre/jdk/Contents/Home/jre/lib/libnet.dylib
0x0000000116dc0000 	/private/var/folders/81/5w0b4bs535x6wrsmh0l4xrnh0000gn/T/libgdxmarenisachsen/5f446c54/libgdx64.dylib
0x0000000116e02000 	/Applications/Android Studio.app/Contents/jre/jdk/Contents/Home/jre/lib/libawt.dylib
0x0000000116ec3000 	/Applications/Android Studio.app/Contents/jre/jdk/Contents/Home/jre/lib/libmlib_image.dylib
0x00007fff3412a000 	/System/Library/Frameworks/JavaVM.framework/Versions/A/Frameworks/JavaNativeFoundation.framework/Versions/A/JavaNativeFoundation
0x00007fff34133000 	/System/Library/Frameworks/JavaVM.framework/Versions/A/Frameworks/JavaRuntimeSupport.framework/Versions/A/JavaRuntimeSupport
0x00007fff3413b000 	/System/Library/Frameworks/JavaVM.framework/Versions/A/JavaVM
0x00007fff54b59000 	/System/Library/PrivateFrameworks/JavaLaunching.framework/Versions/A/JavaLaunching
0x00007fff2e40d000 	/System/Library/Frameworks/Carbon.framework/Versions/A/Carbon
0x00007fff49142000 	/System/Library/PrivateFrameworks/CoreSymbolication.framework/Versions/A/CoreSymbolication
0x00007fff2e40e000 	/System/Library/Frameworks/Carbon.framework/Versions/A/Frameworks/CommonPanels.framework/Versions/A/CommonPanels
0x00007fff2e707000 	/System/Library/Frameworks/Carbon.framework/Versions/A/Frameworks/Help.framework/Versions/A/Help
0x00007fff2e70b000 	/System/Library/Frameworks/Carbon.framework/Versions/A/Frameworks/ImageCapture.framework/Versions/A/ImageCapture
0x00007fff2e712000 	/System/Library/Frameworks/Carbon.framework/Versions/A/Frameworks/OpenScripting.framework/Versions/A/OpenScripting
0x00007fff2e711000 	/System/Library/Frameworks/Carbon.framework/Versions/A/Frameworks/Ink.framework/Versions/A/Ink
0x00007fff2e74d000 	/System/Library/Frameworks/Carbon.framework/Versions/A/Frameworks/Print.framework/Versions/A/Print
0x00007fff2e74e000 	/System/Library/Frameworks/Carbon.framework/Versions/A/Frameworks/SecurityHI.framework/Versions/A/SecurityHI
0x00007fff498c4000 	/System/Library/PrivateFrameworks/DebugSymbols.framework/Versions/A/DebugSymbols
0x0000000116f89000 	/Applications/Android Studio.app/Contents/jre/jdk/Contents/Home/jre/lib/libawt_lwawt.dylib
0x0000000117078000 	/Applications/Android Studio.app/Contents/jre/jdk/Contents/Home/jre/lib/libosxapp.dylib
0x00007fff31ceb000 	/System/Library/Frameworks/ExceptionHandling.framework/Versions/A/ExceptionHandling
0x00007fff48bbb000 	/System/Library/PrivateFrameworks/CoreServicesInternal.framework/Versions/A/CoreServicesInternal
0x00007fff31d0a000 	/System/Library/Frameworks/FileProvider.framework/Versions/A/FileProvider
0x00007fff2c89d000 	/System/Library/Frameworks/Accounts.framework/Versions/A/Accounts
0x00007fff50fa6000 	/System/Library/PrivateFrameworks/GenerationalStorage.framework/Versions/A/GenerationalStorage
0x00007fff5fe1d000 	/System/Library/PrivateFrameworks/SymptomDiagnosticReporter.framework/Versions/A/SymptomDiagnosticReporter
0x00007fff428fa000 	/System/Library/PrivateFrameworks/AppContainer.framework/Versions/A/AppContainer
0x00007fff68813000 	/usr/lib/libsandbox.1.dylib
0x00007fff61776000 	/System/Library/PrivateFrameworks/UserManagement.framework/Versions/A/UserManagement
0x00007fff4569e000 	/System/Library/PrivateFrameworks/ChunkingLibrary.framework/Versions/A/ChunkingLibrary
0x00007fff4296c000 	/System/Library/PrivateFrameworks/AppSandbox.framework/Versions/A/AppSandbox
0x00007fff5d3e6000 	/System/Library/PrivateFrameworks/SecCodeWrapper.framework/Versions/A/SecCodeWrapper
0x00007fff666cc000 	/usr/lib/libMatch.1.dylib
0x00007fff22885000 	/System/Library/CoreServices/RawCamera.bundle/Contents/MacOS/RawCamera
0x00007fff5649e000 	/System/Library/PrivateFrameworks/MobileAsset.framework/Versions/A/MobileAsset
0x00007fff5fcc5000 	/System/Library/PrivateFrameworks/StreamingZip.framework/Versions/A/StreamingZip
0x00007fff345bb000 	/System/Library/Frameworks/MediaToolbox.framework/Versions/A/MediaToolbox
0x00007fff470b2000 	/System/Library/PrivateFrameworks/CoreAVCHD.framework/Versions/A/CoreAVCHD
0x00007fff344e5000 	/System/Library/Frameworks/MediaAccessibility.framework/Versions/A/MediaAccessibility
0x00007fff55852000 	/System/Library/PrivateFrameworks/Mangrove.framework/Versions/A/Mangrove
0x00007fff309b3000 	/System/Library/Frameworks/CoreMedia.framework/Versions/A/CoreMedia
0x00007fff55abe000 	/System/Library/PrivateFrameworks/MediaExperience.framework/Versions/A/MediaExperience
0x00007fff3d493000 	/System/Library/Frameworks/VideoToolbox.framework/Versions/A/VideoToolbox
0x00007fff46cdc000 	/System/Library/PrivateFrameworks/CoreAUC.framework/Versions/A/CoreAUC
0x00007fff6886b000 	/usr/lib/libspindump.dylib
0x00007fff43d3a000 	/System/Library/PrivateFrameworks/AudioResourceArbitration.framework/Versions/A/AudioResourceArbitration
0x00007fff4374f000 	/System/Library/PrivateFrameworks/AppleVA.framework/Versions/A/AppleVA
0x00007fff2b41b000 	/System/Library/Frameworks/Accelerate.framework/Versions/A/Frameworks/vImage.framework/Versions/A/Libraries/libCGInterfaces.dylib
0x00000001189e7000 	/usr/lib/libobjc-trampolines.dylib
0x00007fff4c03d000 	/System/Library/PrivateFrameworks/FontServices.framework/libTrueTypeScaler.dylib
0x00007fff28193000 	/System/Library/Extensions/AppleIntelKBLGraphicsMTLDriver.bundle/Contents/MacOS/AppleIntelKBLGraphicsMTLDriver
0x00007fff4f5c6000 	/System/Library/PrivateFrameworks/GPUCompiler.framework/Versions/3902/Libraries/libmetal_timestamp.dylib
0x00007fff62542000 	/System/Library/PrivateFrameworks/ViewBridge.framework/Versions/A/ViewBridge
0x0000000119a24000 	/Applications/Android Studio.app/Contents/jre/jdk/Contents/Home/jre/lib/libfontmanager.dylib
0x0000000119b4c000 	/Applications/Android Studio.app/Contents/jre/jdk/Contents/Home/jre/lib/libfreetype.dylib.6
0x0000000119c4e000 	/private/var/folders/81/5w0b4bs535x6wrsmh0l4xrnh0000gn/T/libgdxmarenisachsen/f7649394/liblwjgl.dylib
0x00000001191ba000 	/Applications/Android Studio.app/Contents/jre/jdk/Contents/Home/jre/lib/libjawt.dylib
0x0000000119cd0000 	/private/var/folders/81/5w0b4bs535x6wrsmh0l4xrnh0000gn/T/libgdxmarenisachsen/f7649394/openal.dylib
0x0000000119d40000 	/System/Library/Components/CoreAudio.component/Contents/MacOS/CoreAudio
0x00007fff44274000 	/System/Library/PrivateFrameworks/AudioSession.framework/Versions/A/AudioSession
0x00007fff442c6000 	/System/Library/PrivateFrameworks/AudioSession.framework/libSessionUtility.dylib
0x00007fff3a325000 	/System/Library/Frameworks/OpenGL.framework/Versions/A/Resources/GLEngine.bundle/GLEngine
0x00007fff39708000 	/System/Library/Frameworks/OpenGL.framework/Versions/A/Libraries/libGLProgrammability.dylib
0x00007fff2718b000 	/System/Library/Extensions/AppleIntelKBLGraphicsGLDriver.bundle/Contents/MacOS/AppleIntelKBLGraphicsGLDriver
0x00007fff50c75000 	/System/Library/PrivateFrameworks/GPUSupport.framework/Versions/A/Libraries/libGPUSupportMercury.dylib
0x00007fff3a49f000 	/System/Library/Frameworks/OpenGL.framework/Versions/A/Resources/GLRendererFloat.bundle/GLRendererFloat
0x00007fff38cc1000 	/System/Library/Frameworks/OpenCL.framework/Versions/A/Libraries/libcldcpuengine.dylib
0x00007fff637d4000 	/System/Library/PrivateFrameworks/login.framework/Versions/A/login

VM Arguments:
jvm_args: -Dfile.encoding=UTF-8 -Duser.country=NO -Duser.language=nb -Duser.variant 
java_command: com.zebra.game.desktop.DesktopLauncher
java_class_path (initial): /Users/marenisachsen/Documents/gruppe5/desktop/build/classes/java/main:/Users/marenisachsen/Documents/gruppe5/desktop/build/resources/main:/Users/marenisachsen/.gradle/caches/modules-2/files-2.1/com.badlogicgames.gdx/gdx-backend-lwjgl/1.9.13/ed6e70cf224ad7d8cfa8e1b3f0e97760a8125e90/gdx-backend-lwjgl-1.9.13.jar:/Users/marenisachsen/.gradle/caches/modules-2/files-2.1/com.badlogicgames.gdx/gdx-platform/1.9.13/36e453b8ebdf004e7ebbc8b0b23549316371c82/gdx-platform-1.9.13-natives-desktop.jar:/Users/marenisachsen/.gradle/caches/modules-2/files-2.1/com.badlogicgames.gdx/gdx-box2d-platform/1.9.13/ce1d100ee60a6c5f1f14a15be8f44e5de478bc7b/gdx-box2d-platform-1.9.13-natives-desktop.jar:/Users/marenisachsen/Documents/gruppe5/core/build/libs/core-1.0.jar:/Users/marenisachsen/.gradle/caches/modules-2/files-2.1/com.badlogicgames.gdx/gdx-box2d/1.9.13/11d01da43038e0b123f7f7187abc762a26e7a7bf/gdx-box2d-1.9.13.jar:/Users/marenisachsen/.gradle/caches/modules-2/files-2.1/com.badlogicgames.gdx/gdx/1.9.13/3a246302e97759c7d171678db765cd5521af0cd9/gdx-1.9.13.jar:/Users/marenisachsen/.gradle/caches/modules-2/files-2.1/org.lwjgl.lwjgl/lwjgl_util/2.9.3/751f06b62424da056954c67288fd5c494431e350/lwjgl_util-2.9.3.jar:/Users/marenisachsen/.gradle/caches/modules-2/files-2.1/org.lwjgl.lwjgl/lwjgl/2.9.3/3df168ac74e4a8c96562cdff24ad352e255bf89c/lwjgl-2.9.3.jar:/Users/marenisachsen/.gradle/caches/modules-2/files-2.1/com.badlogicgames.jlayer/jlayer/1.0.1-gdx/7cca83cec5c1b2f011362f4d85aabd71a73b049d/jlayer-1.0.1-gdx.jar:/Users/marenisachsen/.gradle/caches/modules-2/files-2.1/org.jcraft/jorbis/0.0.17/8872d22b293e8f5d7d56ff92be966e6dc28ebdc6/jorbis-0.0.17.jar:/Users/marenisachsen/.gradle/caches/modules-2/files-2.1/org.lwjgl.lwjgl/lwjgl-platform/2.9.3/fbc2afb3e288578e9942578decb6291a490549a0/lwjgl-platform-2.9.3-natives-windows.jar:/Users/marenisachsen/.gradle/caches/modules-2/files-2.1/org.lwjgl.lwjgl/lwjgl-platform/2.9.3/b1eafe80093381c56415731e1d64279e6140bcd0/lwjgl-platform-2.9.
Launcher Type: SUN_STANDARD

Environment Variables:
PATH=/usr/local/bin:/usr/bin:/bin:/usr/sbin:/sbin:/Library/Apple/usr/bin
SHELL=/bin/zsh

Signal Handlers:
SIGSEGV: [libjvm.dylib+0x565c43], sa_mask[0]=11111111011111110111111111111111, sa_flags=SA_ONSTACK|SA_RESTART|SA_SIGINFO
SIGBUS: [libjvm.dylib+0x565c43], sa_mask[0]=11111111011111110111111111111111, sa_flags=SA_RESTART|SA_SIGINFO
SIGFPE: [libjvm.dylib+0x45dd9d], sa_mask[0]=11111111011111110111111111111111, sa_flags=SA_RESTART|SA_SIGINFO
SIGPIPE: [libjvm.dylib+0x45dd9d], sa_mask[0]=11111111011111110111111111111111, sa_flags=SA_RESTART|SA_SIGINFO
SIGXFSZ: [libjvm.dylib+0x45dd9d], sa_mask[0]=11111111011111110111111111111111, sa_flags=SA_RESTART|SA_SIGINFO
SIGILL: [libjvm.dylib+0x45dd9d], sa_mask[0]=11111111011111110111111111111111, sa_flags=SA_RESTART|SA_SIGINFO
SIGUSR1: SIG_DFL, sa_mask[0]=00000000000000000000000000000000, sa_flags=none
SIGUSR2: [libjvm.dylib+0x45e69c], sa_mask[0]=00100000000000000000000000000000, sa_flags=SA_RESTART|SA_SIGINFO
SIGHUP: [libjvm.dylib+0x45c8c1], sa_mask[0]=11111111011111110111111111111111, sa_flags=SA_RESTART|SA_SIGINFO
SIGINT: [libjvm.dylib+0x45c8c1], sa_mask[0]=11111111011111110111111111111111, sa_flags=SA_RESTART|SA_SIGINFO
SIGTERM: [libjvm.dylib+0x45c8c1], sa_mask[0]=11111111011111110111111111111111, sa_flags=SA_RESTART|SA_SIGINFO
SIGQUIT: [libjvm.dylib+0x45c8c1], sa_mask[0]=11111111011111110111111111111111, sa_flags=SA_RESTART|SA_SIGINFO


---------------  S Y S T E M  ---------------

OS:Bsduname:Darwin 19.6.0 Darwin Kernel Version 19.6.0: Tue Nov 10 00:10:30 PST 2020; root:xnu-6153.141.10~1/RELEASE_X86_64 x86_64
rlimit: STACK 8192k, CORE 0k, NPROC 1392, NOFILE 10240, AS infinity
load average:12.35 10.47 9.04

CPU:total 4 (initial active 4) (2 cores per cpu, 2 threads per core) family 6 model 142 stepping 9, cmov, cx8, fxsr, mmx, sse, sse2, sse3, ssse3, sse4.1, sse4.2, popcnt, avx, avx2, aes, clmul, erms, 3dnowpref, lzcnt, ht, tsc, tscinvbit, bmi1, bmi2, adx

Memory: 4k page, physical 8388608k(34968k free)

/proc/meminfo:


vm_info: OpenJDK 64-Bit Server VM (25.242-b3-6915495) for bsd-amd64 JRE (1.8.0_242-release-1644-b3-6915495), built by "android-build" with gcc 4.2.1 Compatible Android (5484270 based on r353983c) Clang 9.0.3 (https://android.googlesource.com/toolchain/clang 745b335211bb9eadfa6aa6301f84715cee4b37c5) (https://android.googlesource.com/toolchain/llvm 60cf23e54e46c807513f7a36d0a7b777920b5881)

time: Fri Mar 26 17:22:23 2021
timezone: CET
elapsed time: 3 seconds (0d 0h 0m 3s)

