#
# A fatal error has been detected by the Java Runtime Environment:
#
#  SIGSEGV (0xb) at pc=0x00007fff201b2bdd, pid=11948, tid=0x0000000000011c3f
#
# JRE version: OpenJDK Runtime Environment (8.0_242) (build 1.8.0_242-release-1644-b3-6915495)
# Java VM: OpenJDK 64-Bit Server VM (25.242-b3-6915495 mixed mode bsd-amd64 compressed oops)
# Problematic frame:
# C  [libobjc.A.dylib+0x6bdd]  objc_msgSend+0x1d
#
# Failed to write core dump. Core dumps have been disabled. To enable core dumping, try "ulimit -c unlimited" before starting Java again
#
# If you would like to submit a bug report, please visit:
#   http://bugreport.java.com/bugreport/crash.jsp
# The crash happened outside the Java Virtual Machine in native code.
# See problematic frame for where to report the bug.
#

---------------  T H R E A D  ---------------

Current thread (0x00007fe8cfaa3800):  JavaThread "LWJGL Application" [_thread_in_native, id=72767, stack(0x0000000307c2e000,0x0000000307d2e000)]

siginfo: si_signo: 11 (SIGSEGV), si_code: 2 (SEGV_ACCERR), si_addr: 0x000007fe8cf6c998

Registers:
RAX=0x00007fe8cf686928, RBX=0x0000000000000000, RCX=0x0000000000000000, RDX=0x0000000000011c3f
RSP=0x0000000307d2d128, RBP=0x0000000307d2d170, RSI=0x00007fff7c56a882, RDI=0x00007fe8cf6821e0
R8 =0x0000000000000001, R9 =0x0000000000000002, R10=0x000007fe8cf6c980, R11=0x00007fff7c56a882
R12=0x00007fe8a0040000, R13=0x00007fe8cf68673c, R14=0x00007fe8cf6f24a0, R15=0x00007fe8cf686700
RIP=0x00007fff201b2bdd, EFLAGS=0x0000000000000247, ERR=0x0000000000000004
  TRAPNO=0x000000000000000e

Top of Stack: (sp=0x0000000307d2d128)
0x0000000307d2d128:   000000012a13eec9 00007fff88eed590
0x0000000307d2d138:   00000000201b7b3f 00007fff7c56a76e
0x0000000307d2d148:   000000000000aa68 00007fe8a0040000
0x0000000307d2d158:   00007fe8bf882200 00007fe8a0040000
0x0000000307d2d168:   00007fff201b2bc0 0000000307d2d190
0x0000000307d2d178:   000000012a149393 00007fe8a0040000
0x0000000307d2d188:   00007fff7c54e5c7 0000000307d2d1c0
0x0000000307d2d198:   000000012a14962a 0000000000000000
0x0000000307d2d1a8:   000000000000000c 0000000307d2d204
0x0000000307d2d1b8:   00007fe8a004b440 0000000307d2d1f0
0x0000000307d2d1c8:   000000012a15ec57 00007fe8a0008000
0x0000000307d2d1d8:   00007fe8a0008000 0000000307d2d204
0x0000000307d2d1e8:   0000000000000014 0000000307d2d220
0x0000000307d2d1f8:   00007fff6ce61af0 0000000c00000004
0x0000000307d2d208:   0000000000000006 0000000000000004
0x0000000307d2d218:   00007fe8cfaa3801 0000000307d2d280
0x0000000307d2d228:   00007fff6ce272cf 00007fe8cfb5ee00
0x0000000307d2d238:   00007fe8bf882640 0000000000000004
0x0000000307d2d248:   0000000000000006 0000000600000004
0x0000000307d2d258:   00000001236dab78 0000000000000000
0x0000000307d2d268:   00000001236dab78 0000000307d2d358
0x0000000307d2d278:   00007fe8cfaa3800 0000000307d2d308
0x0000000307d2d288:   000000010f5f4e47 00007fff6cd525c5
0x0000000307d2d298:   0000000400001406 0000000307d2d4e8
0x0000000307d2d2a8:   000000010f940524 0000000796168470
0x0000000307d2d2b8:   0000000000000000 00007fe800001406
0x0000000307d2d2c8:   0000000307d2d2c8 0000000000000000
0x0000000307d2d2d8:   0000000307d2d358 00000001236f2028
0x0000000307d2d2e8:   0000000000000000 00000001236dab78
0x0000000307d2d2f8:   0000000000000000 0000000307d2d360
0x0000000307d2d308:   0000000307d2d4d8 000000010f94a1b4
0x0000000307d2d318:   0000000795ff1420 000000010f5eea58 

Instructions: (pc=0x00007fff201b2bdd)
0x00007fff201b2bbd:   44 00 00 48 85 ff 2e 74 72 40 f6 c7 01 2e 75 76
0x00007fff201b2bcd:   49 ba f8 ff ff ff ff 7f 00 00 4c 23 17 49 89 f3
0x00007fff201b2bdd:   45 23 5a 18 49 c1 e3 04 4d 03 5a 10 49 3b 33 75
0x00007fff201b2bed:   0a 4d 8b 5b 08 4d 31 d3 41 ff e3 49 83 3b 01 76 

Register to memory mapping:

RAX=0x00007fe8cf686928 is an unknown value
RBX=0x0000000000000000 is an unknown value
RCX=0x0000000000000000 is an unknown value
RDX=0x0000000000011c3f is an unknown value
RSP=0x0000000307d2d128 is pointing into the stack for thread: 0x00007fe8cfaa3800
RBP=0x0000000307d2d170 is pointing into the stack for thread: 0x00007fe8cfaa3800
RSI=0x00007fff7c56a882: GCC_except_table772+0x5c388fae in /usr/lib/libobjc.A.dylib at 0x00007fff201ac000
RDI=0x00007fe8cf6821e0 is an unknown value
R8 =0x0000000000000001 is an unknown value
R9 =0x0000000000000002 is an unknown value
R10=0x000007fe8cf6c980 is an unknown value
R11=0x00007fff7c56a882: GCC_except_table772+0x5c388fae in /usr/lib/libobjc.A.dylib at 0x00007fff201ac000
R12=0x00007fe8a0040000 is an unknown value
R13=0x00007fe8cf68673c is an unknown value
R14=0x00007fe8cf6f24a0 is an unknown value
R15=0x00007fe8cf686700 is an unknown value


Stack: [0x0000000307c2e000,0x0000000307d2e000],  sp=0x0000000307d2d128,  free space=1020k
Native frames: (J=compiled Java code, j=interpreted, Vv=VM code, C=native code)
C  [libobjc.A.dylib+0x6bdd]  objc_msgSend+0x1d
C  [AppleMetalOpenGLRenderer+0x2d393]  GLDContextRec::addRenderPassResources()+0x1f
C  [AppleMetalOpenGLRenderer+0x2d62a]  GLDContextRec::beginRenderPass()+0x25a
C  [AppleMetalOpenGLRenderer+0x42c57]  gldBeginPrimitiveBuffer(GLDContextRec*, unsigned int, int*)+0x106
C  [GLEngine+0x105af0]  gleBeginPrimitiveTCLFunc+0x48
C  [GLEngine+0xcb2cf]  glDrawElements_IMM_Exec+0x35e
j  org.lwjgl.opengl.GL11.nglDrawElements(IIIJJ)V+0
J 935 C1 org.lwjgl.opengl.GL11.glDrawElements(ILjava/nio/ShortBuffer;)V (38 bytes) @ 0x000000010f94a1b4 [0x000000010f9498e0+0x8d4]
j  com.badlogic.gdx.backends.lwjgl.LwjglGL20.glDrawElements(IIILjava/nio/Buffer;)V+21
J 899 C1 com.badlogic.gdx.graphics.Mesh.render(Lcom/badlogic/gdx/graphics/glutils/ShaderProgram;IIIZ)V (341 bytes) @ 0x000000010f92c2bc [0x000000010f92bbe0+0x6dc]
J 834 C1 com.badlogic.gdx.graphics.g2d.SpriteBatch.flush()V (193 bytes) @ 0x000000010f8f8754 [0x000000010f8f6de0+0x1974]
j  com.badlogic.gdx.graphics.g2d.SpriteBatch.end()V+25
j  com.zebra.game.view.BaseView.render(F)V+92
j  com.zebra.game.view.MenuView.render(F)V+2
j  com.badlogic.gdx.Game.render()V+19
j  com.zebra.game.MyZebraGame.render()V+1
j  com.badlogic.gdx.backends.lwjgl.LwjglApplication.mainLoop()V+776
j  com.badlogic.gdx.backends.lwjgl.LwjglApplication$1.run()V+27
v  ~StubRoutines::call_stub
V  [libjvm.dylib+0x2cc647]  JavaCalls::call_helper(JavaValue*, methodHandle*, JavaCallArguments*, Thread*)+0x69b
V  [libjvm.dylib+0x2cb4a2]  JavaCalls::call_virtual(JavaValue*, KlassHandle, Symbol*, Symbol*, JavaCallArguments*, Thread*)+0x14a
V  [libjvm.dylib+0x2cb680]  JavaCalls::call_virtual(JavaValue*, Handle, KlassHandle, Symbol*, Symbol*, Thread*)+0x54
V  [libjvm.dylib+0x31bcc4]  thread_entry(JavaThread*, Thread*)+0x78
V  [libjvm.dylib+0x527e84]  JavaThread::thread_main_inner()+0x82
V  [libjvm.dylib+0x527d49]  JavaThread::run()+0x199
V  [libjvm.dylib+0x45b9eb]  java_start(Thread*)+0xfa
C  [libsystem_pthread.dylib+0x6950]  _pthread_start+0xe0
C  [libsystem_pthread.dylib+0x247b]  thread_start+0xf
C  0x0000000000000000

Java frames: (J=compiled Java code, j=interpreted, Vv=VM code)
j  org.lwjgl.opengl.GL11.nglDrawElements(IIIJJ)V+0
J 935 C1 org.lwjgl.opengl.GL11.glDrawElements(ILjava/nio/ShortBuffer;)V (38 bytes) @ 0x000000010f94a1b4 [0x000000010f9498e0+0x8d4]
j  com.badlogic.gdx.backends.lwjgl.LwjglGL20.glDrawElements(IIILjava/nio/Buffer;)V+21
J 899 C1 com.badlogic.gdx.graphics.Mesh.render(Lcom/badlogic/gdx/graphics/glutils/ShaderProgram;IIIZ)V (341 bytes) @ 0x000000010f92c2bc [0x000000010f92bbe0+0x6dc]
J 834 C1 com.badlogic.gdx.graphics.g2d.SpriteBatch.flush()V (193 bytes) @ 0x000000010f8f8754 [0x000000010f8f6de0+0x1974]
j  com.badlogic.gdx.graphics.g2d.SpriteBatch.end()V+25
j  com.zebra.game.view.BaseView.render(F)V+92
j  com.zebra.game.view.MenuView.render(F)V+2
j  com.badlogic.gdx.Game.render()V+19
j  com.zebra.game.MyZebraGame.render()V+1
j  com.badlogic.gdx.backends.lwjgl.LwjglApplication.mainLoop()V+776
j  com.badlogic.gdx.backends.lwjgl.LwjglApplication$1.run()V+27
v  ~StubRoutines::call_stub

---------------  P R O C E S S  ---------------

Java Threads: ( => current thread )
  0x00007fe8d016d800 JavaThread "DestroyJavaVM" [_thread_blocked, id=5891, stack(0x00000003061ab000,0x00000003062ab000)]
=>0x00007fe8cfaa3800 JavaThread "LWJGL Application" [_thread_in_native, id=72767, stack(0x0000000307c2e000,0x0000000307d2e000)]
  0x00007fe8d013d000 JavaThread "AWT-Shutdown" [_thread_blocked, id=28195, stack(0x00000003075f4000,0x00000003076f4000)]
  0x00007fe8cfa22800 JavaThread "AWT-AppKit" daemon [_thread_in_native, id=515, stack(0x0000000305927000,0x0000000306127000)]
  0x00007fe8cf89a800 JavaThread "Service Thread" daemon [_thread_blocked, id=23571, stack(0x00000003073ee000,0x00000003074ee000)]
  0x00007fe8af809000 JavaThread "C1 CompilerThread3" daemon [_thread_blocked, id=41987, stack(0x00000003072eb000,0x00000003073eb000)]
  0x00007fe8af808800 JavaThread "C2 CompilerThread2" daemon [_thread_blocked, id=22787, stack(0x00000003071e8000,0x00000003072e8000)]
  0x00007fe8cf891800 JavaThread "C2 CompilerThread1" daemon [_thread_blocked, id=22531, stack(0x00000003070e5000,0x00000003071e5000)]
  0x00007fe8cf869800 JavaThread "C2 CompilerThread0" daemon [_thread_blocked, id=22275, stack(0x0000000306fe2000,0x00000003070e2000)]
  0x00007fe8d0026000 JavaThread "Signal Dispatcher" daemon [_thread_blocked, id=22019, stack(0x0000000306edf000,0x0000000306fdf000)]
  0x00007fe8d0012000 JavaThread "Finalizer" daemon [_thread_blocked, id=18979, stack(0x0000000306ccc000,0x0000000306dcc000)]
  0x00007fe8cf863000 JavaThread "Reference Handler" daemon [_thread_blocked, id=14371, stack(0x0000000306bc9000,0x0000000306cc9000)]

Other Threads:
  0x00007fe8cf85e800 VMThread [stack: 0x0000000306ac6000,0x0000000306bc6000] [id=19971]
  0x00007fe8cf8a3000 WatcherThread [stack: 0x00000003074f1000,0x00000003075f1000] [id=23811]

VM state:not at safepoint (normal execution)

VM Mutex/Monitor currently owned by a thread: None

heap address: 0x0000000740000000, size: 2048 MB, Compressed Oops mode: Zero based, Oop shift amount: 3
Narrow klass base: 0x0000000000000000, Narrow klass shift: 3
Compressed class space size: 1073741824 Address: 0x00000007c0000000

Heap:
 PSYoungGen      total 38400K, used 21847K [0x0000000795580000, 0x0000000798000000, 0x00000007c0000000)
  eden space 33280K, 65% used [0x0000000795580000,0x0000000796ad5dc8,0x0000000797600000)
  from space 5120K, 0% used [0x0000000797b00000,0x0000000797b00000,0x0000000798000000)
  to   space 5120K, 0% used [0x0000000797600000,0x0000000797600000,0x0000000797b00000)
 ParOldGen       total 87552K, used 0K [0x0000000740000000, 0x0000000745580000, 0x0000000795580000)
  object space 87552K, 0% used [0x0000000740000000,0x0000000740000000,0x0000000745580000)
 Metaspace       used 9430K, capacity 9565K, committed 9728K, reserved 1058816K
  class space    used 922K, capacity 985K, committed 1024K, reserved 1048576K

Card table byte_map: [0x000000011e5dd000,0x000000011e9de000] byte_map_base: 0x000000011abdd000

Marking Bits: (ParMarkBitMap*) 0x000000010e0273f8
 Begin Bits: [0x000000011ec89000, 0x0000000120c89000)
 End Bits:   [0x0000000120c89000, 0x0000000122c89000)

Polling page: 0x0000000109365000

CodeCache: size=245760Kb used=3507Kb max_used=3507Kb free=242253Kb
 bounds [0x000000010f5dd000, 0x000000010f94d000, 0x000000011e5dd000]
 total_blobs=1390 nmethods=939 adapters=367
 compilation: enabled

Compilation events (10 events):
Event: 4.399 Thread 0x00007fe8af809000  935       3       org.lwjgl.opengl.GL11::glDrawElements (38 bytes)
Event: 4.401 Thread 0x00007fe8af809000 nmethod 935 0x000000010f949650 code [0x000000010f9498e0, 0x000000010f94a738]
Event: 4.401 Thread 0x00007fe8af809000  936       3       org.lwjgl.opengl.GLChecks::ensureElementVBOdisabled (24 bytes)
Event: 4.401 Thread 0x00007fe8af809000 nmethod 936 0x000000010f946f10 code [0x000000010f9470a0, 0x000000010f947318]
Event: 4.401 Thread 0x00007fe8af809000  937       3       org.lwjgl.opengl.StateTracker::getElementArrayBufferBound (38 bytes)
Event: 4.401 Thread 0x00007fe8af809000 nmethod 937 0x000000010f9464d0 code [0x000000010f946680, 0x000000010f946b48]
Event: 4.401 Thread 0x00007fe8af809000  938       3       org.lwjgl.BufferChecks::checkDirect (24 bytes)
Event: 4.401 Thread 0x00007fe8af809000 nmethod 938 0x000000010f94b010 code [0x000000010f94b1a0, 0x000000010f94b498]
Event: 4.401 Thread 0x00007fe8af809000  939       3       com.badlogic.gdx.graphics.glutils.IndexArray::unbind (1 bytes)
Event: 4.401 Thread 0x00007fe8af809000 nmethod 939 0x000000010f94b590 code [0x000000010f94b6e0, 0x000000010f94b830]

GC Heap History (0 events):
No events

Deoptimization events (3 events):
Event: 0.906 Thread 0x00007fe8cfaa3800 Uncommon trap: reason=unstable_if action=reinterpret pc=0x000000010f7e9718 method=java.lang.String.<init>([CII)V @ 18
Event: 0.944 Thread 0x00007fe8cfaa3800 Uncommon trap: reason=unstable_if action=reinterpret pc=0x000000010f7aabf8 method=java.lang.String.replace(CC)Ljava/lang/String; @ 26
Event: 1.085 Thread 0x00007fe8cfaa3800 Uncommon trap: reason=unstable_if action=reinterpret pc=0x000000010f882cf0 method=java.util.StringTokenizer.scanToken(I)I @ 7

Classes redefined (0 events):
No events

Internal exceptions (10 events):
Event: 0.307 Thread 0x00007fe8cf80f800 Exception <a 'java/lang/NoSuchFieldError': method resolution failed> (0x0000000795a97268) thrown at [/Volumes/Android/buildbot/src/googleplex-android/openjdk/out/hotspot/src/share/vm/prims/methodHandles.cpp, line 1167]
Event: 0.309 Thread 0x00007fe8cf80f800 Exception <a 'java/lang/NoSuchFieldError': method resolution failed> (0x0000000795aa4988) thrown at [/Volumes/Android/buildbot/src/googleplex-android/openjdk/out/hotspot/src/share/vm/prims/methodHandles.cpp, line 1167]
Event: 0.562 Thread 0x00007fe8cf80f800 Exception <a 'java/io/FileNotFoundException'> (0x0000000795b1fdc0) thrown at [/Volumes/Android/buildbot/src/googleplex-android/openjdk/out/hotspot/src/share/vm/prims/jni.cpp, line 710]
Event: 0.563 Thread 0x00007fe8cf80f800 Exception <a 'java/io/FileNotFoundException'> (0x0000000795b20950) thrown at [/Volumes/Android/buildbot/src/googleplex-android/openjdk/out/hotspot/src/share/vm/prims/jni.cpp, line 710]
Event: 0.578 Thread 0x00007fe8cf80f800 Exception <a 'java/security/PrivilegedActionException'> (0x0000000795b3b798) thrown at [/Volumes/Android/buildbot/src/googleplex-android/openjdk/out/hotspot/src/share/vm/prims/jvm.cpp, line 1502]
Event: 0.578 Thread 0x00007fe8cf80f800 Exception <a 'java/security/PrivilegedActionException'> (0x0000000795b3d380) thrown at [/Volumes/Android/buildbot/src/googleplex-android/openjdk/out/hotspot/src/share/vm/prims/jvm.cpp, line 1502]
Event: 0.578 Thread 0x00007fe8cf80f800 Exception <a 'java/security/PrivilegedActionException'> (0x0000000795b3e4a0) thrown at [/Volumes/Android/buildbot/src/googleplex-android/openjdk/out/hotspot/src/share/vm/prims/jvm.cpp, line 1502]
Event: 0.578 Thread 0x00007fe8cf80f800 Exception <a 'java/security/PrivilegedActionException'> (0x0000000795b43670) thrown at [/Volumes/Android/buildbot/src/googleplex-android/openjdk/out/hotspot/src/share/vm/prims/jvm.cpp, line 1502]
Event: 0.578 Thread 0x00007fe8cf80f800 Exception <a 'java/security/PrivilegedActionException'> (0x0000000795b442c8) thrown at [/Volumes/Android/buildbot/src/googleplex-android/openjdk/out/hotspot/src/share/vm/prims/jvm.cpp, line 1502]
Event: 0.578 Thread 0x00007fe8cf80f800 Exception <a 'java/security/PrivilegedActionException'> (0x0000000795b44ef0) thrown at [/Volumes/Android/buildbot/src/googleplex-android/openjdk/out/hotspot/src/share/vm/prims/jvm.cpp, line 1502]

Events (10 events):
Event: 1.209 loading class org/lwjgl/opengl/GL14
Event: 1.209 loading class org/lwjgl/opengl/GL14 done
Event: 1.217 loading class org/lwjgl/opengl/Sync
Event: 1.217 loading class org/lwjgl/opengl/Sync done
Event: 1.218 loading class org/lwjgl/opengl/Sync$RunningAvg
Event: 1.218 loading class org/lwjgl/opengl/Sync$RunningAvg done
Event: 1.271 loading class com/badlogic/gdx/scenes/scene2d/InputEvent$Type
Event: 1.271 loading class com/badlogic/gdx/scenes/scene2d/InputEvent$Type done
Event: 4.085 Executing VM operation: EnableBiasedLocking
Event: 4.085 Executing VM operation: EnableBiasedLocking done


Dynamic libraries:
0x00007ffdffd68000 	/Library/Apple/usr/libexec/oah/runtime
0x00007fff35254000 	/System/Library/Frameworks/Cocoa.framework/Versions/A/Cocoa
0x00007fff220fc000 	/System/Library/Frameworks/Security.framework/Versions/A/Security
0x00007fff33451000 	/System/Library/Frameworks/ApplicationServices.framework/Versions/A/ApplicationServices
0x00007fff2a5a2000 	/usr/lib/libz.1.dylib
0x00007fff2a66e000 	/usr/lib/libSystem.B.dylib
0x00007fff2038d000 	/System/Library/Frameworks/CoreFoundation.framework/Versions/A/CoreFoundation
0x00007fff2106f000 	/System/Library/Frameworks/Foundation.framework/Versions/C/Foundation
0x00007fff201ac000 	/usr/lib/libobjc.A.dylib
0x00007fff22b23000 	/System/Library/Frameworks/AppKit.framework/Versions/C/AppKit
0x00007fff259e1000 	/System/Library/Frameworks/CoreData.framework/Versions/A/CoreData
0x00007fff23886000 	/System/Library/PrivateFrameworks/UIFoundation.framework/Versions/A/UIFoundation
0x00007fff2fe30000 	/System/Library/PrivateFrameworks/RemoteViewServices.framework/Versions/A/RemoteViewServices
0x00007fff28bbd000 	/System/Library/PrivateFrameworks/XCTTargetBootstrap.framework/Versions/A/XCTTargetBootstrap
0x00007fff2b90c000 	/usr/lib/libspindump.dylib
0x00007fff23adb000 	/System/Library/Frameworks/UniformTypeIdentifiers.framework/Versions/A/UniformTypeIdentifiers
0x00007fff27393000 	/usr/lib/libapp_launch_measurement.dylib
0x00007fff27396000 	/System/Library/PrivateFrameworks/CoreAutoLayout.framework/Versions/A/CoreAutoLayout
0x00007fff2851f000 	/System/Library/Frameworks/Metal.framework/Versions/A/Metal
0x00007fff29213000 	/usr/lib/liblangid.dylib
0x00007fff28bc1000 	/System/Library/PrivateFrameworks/CoreSVG.framework/Versions/A/CoreSVG
0x00007fff24ac2000 	/System/Library/PrivateFrameworks/SkyLight.framework/Versions/A/SkyLight
0x00007fff24e29000 	/System/Library/Frameworks/CoreGraphics.framework/Versions/A/CoreGraphics
0x00007fff30487000 	/System/Library/Frameworks/Accelerate.framework/Versions/A/Accelerate
0x00007fff2b347000 	/System/Library/PrivateFrameworks/IconServices.framework/Versions/A/IconServices
0x00007fff28504000 	/System/Library/Frameworks/IOSurface.framework/Versions/A/IOSurface
0x00007fff26373000 	/usr/lib/libDiagnosticMessagesClient.dylib
0x00007fff28ba9000 	/System/Library/PrivateFrameworks/DFRFoundation.framework/Versions/A/DFRFoundation
0x00007fff2244e000 	/usr/lib/libicucore.A.dylib
0x00007fff2ce51000 	/System/Library/Frameworks/AudioToolbox.framework/Versions/A/AudioToolbox
0x00007fff2c0f6000 	/System/Library/PrivateFrameworks/DataDetectorsCore.framework/Versions/A/DataDetectorsCore
0x00007fff288a9000 	/System/Library/Frameworks/Carbon.framework/Versions/A/Frameworks/HIToolbox.framework/Versions/A/HIToolbox
0x00007fff26dee000 	/System/Library/Frameworks/QuartzCore.framework/Versions/A/QuartzCore
0x00007fff2fe6c000 	/System/Library/Frameworks/Carbon.framework/Versions/A/Frameworks/SpeechRecognition.framework/Versions/A/SpeechRecognition
0x00007fff270fb000 	/System/Library/PrivateFrameworks/CoreUI.framework/Versions/A/CoreUI
0x00007fff21a57000 	/System/Library/Frameworks/CoreAudio.framework/Versions/A/CoreAudio
0x00007fff2645e000 	/System/Library/Frameworks/DiskArbitration.framework/Versions/A/DiskArbitration
0x00007fff2bd06000 	/System/Library/PrivateFrameworks/MultitouchSupport.framework/Versions/A/MultitouchSupport
0x00007fff2c0ed000 	/System/Library/PrivateFrameworks/InternationalSupport.framework/Versions/A/InternationalSupport
0x00007fff24a36000 	/usr/lib/libenergytrace.dylib
0x00007fff22a1c000 	/System/Library/Frameworks/IOKit.framework/Versions/A/IOKit
0x00007fff301b9000 	/System/Library/Frameworks/CoreServices.framework/Versions/A/CoreServices
0x00007fff27329000 	/System/Library/PrivateFrameworks/PerformanceAnalysis.framework/Versions/A/PerformanceAnalysis
0x00007fff6cb2f000 	/System/Library/Frameworks/OpenGL.framework/Versions/A/OpenGL
0x00007fff2c172000 	/System/Library/PrivateFrameworks/UserActivity.framework/Versions/A/UserActivity
0x00007fff254e3000 	/System/Library/Frameworks/ColorSync.framework/Versions/A/ColorSync
0x00007fff28e2a000 	/System/Library/Frameworks/CoreImage.framework/Versions/A/CoreImage
0x00007fff2186e000 	/System/Library/Frameworks/CoreText.framework/Versions/A/CoreText
0x00007fff28beb000 	/System/Library/Frameworks/ImageIO.framework/Versions/A/ImageIO
0x00007fff2a674000 	/System/Library/PrivateFrameworks/SoftLinking.framework/Versions/A/SoftLinking
0x00007fff273df000 	/usr/lib/libxml2.2.dylib
0x00007fff20272000 	/usr/lib/libc++.1.dylib
0x00007fff2a8e6000 	/usr/lib/libcompression.dylib
0x00007fff24a37000 	/usr/lib/libMobileGestalt.dylib
0x00007fff2c020000 	/System/Library/PrivateFrameworks/TextureIO.framework/Versions/A/TextureIO
0x00007fff2afd4000 	/usr/lib/libate.dylib
0x00007fff2a668000 	/usr/lib/system/libcache.dylib
0x00007fff2a624000 	/usr/lib/system/libcommonCrypto.dylib
0x00007fff2a64e000 	/usr/lib/system/libcompiler_rt.dylib
0x00007fff2a643000 	/usr/lib/system/libcopyfile.dylib
0x00007fff2009a000 	/usr/lib/system/libcorecrypto.dylib
0x00007fff20167000 	/usr/lib/system/libdispatch.dylib
0x00007fff2031c000 	/usr/lib/system/libdyld.dylib
0x00007fff2a65f000 	/usr/lib/system/libkeymgr.dylib
0x00007fff2dc03000 	/usr/lib/system/liblaunch.dylib
0x00007fff2a602000 	/usr/lib/system/libmacho.dylib
0x00007fff29e17000 	/usr/lib/system/libquarantine.dylib
0x00007fff2a65c000 	/usr/lib/system/libremovefile.dylib
0x00007fff24a93000 	/usr/lib/system/libsystem_asl.dylib
0x00007fff2004a000 	/usr/lib/system/libsystem_blocks.dylib
0x00007fff201e9000 	/usr/lib/system/libsystem_c.dylib
0x00007fff2a656000 	/usr/lib/system/libsystem_collections.dylib
0x00007fff29204000 	/usr/lib/system/libsystem_configuration.dylib
0x00007fff284f3000 	/usr/lib/system/libsystem_containermanager.dylib
0x00007fff2a39a000 	/usr/lib/system/libsystem_coreservices.dylib
0x00007fff226b0000 	/usr/lib/system/libsystem_darwin.dylib
0x00007fff2a660000 	/usr/lib/system/libsystem_dnssd.dylib
0x00007fff201e6000 	/usr/lib/system/libsystem_featureflags.dylib
0x00007fff20361000 	/usr/lib/system/libsystem_info.dylib
0x00007fff2a5b5000 	/usr/lib/system/libsystem_m.dylib
0x00007fff2013a000 	/usr/lib/system/libsystem_malloc.dylib
0x00007fff24a27000 	/usr/lib/system/libsystem_networkextension.dylib
0x00007fff22acb000 	/usr/lib/system/libsystem_notify.dylib
0x00007fff300b7000 	/usr/lib/system/libsystem_product_info_filter.dylib
0x00007fff29208000 	/usr/lib/system/libsystem_sandbox.dylib
0x00007fff2a659000 	/usr/lib/system/libsystem_secinit.dylib
0x00007fff202e1000 	/usr/lib/system/libsystem_kernel.dylib
0x00007fff20357000 	/usr/lib/system/libsystem_platform.dylib
0x00007fff20310000 	/usr/lib/system/libsystem_pthread.dylib
0x00007fff261c1000 	/usr/lib/system/libsystem_symptoms.dylib
0x00007fff20082000 	/usr/lib/system/libsystem_trace.dylib
0x00007fff2a630000 	/usr/lib/system/libunwind.dylib
0x00007fff2004c000 	/usr/lib/system/libxpc.dylib
0x00007fff202c8000 	/usr/lib/libc++abi.dylib
0x00007fff2a63b000 	/usr/lib/liboah.dylib
0x00007fff2acff000 	/usr/lib/liblzma.5.dylib
0x00007fff20d83000 	/System/Library/Frameworks/SystemConfiguration.framework/Versions/A/SystemConfiguration
0x00007fff2a670000 	/usr/lib/libfakelink.dylib
0x00007fff24589000 	/System/Library/Frameworks/CFNetwork.framework/Versions/A/CFNetwork
0x00007fff2a7b0000 	/usr/lib/libarchive.2.dylib
0x00007fff20e01000 	/usr/lib/libCRFSuite.dylib
0x00007fff29e3e000 	/usr/lib/libbsm.0.dylib
0x00007fff23f45000 	/usr/lib/libnetwork.dylib
0x00007fff2a675000 	/usr/lib/libpcap.A.dylib
0x00007fff261ba000 	/usr/lib/libdns_services.dylib
0x00007fff2ad18000 	/usr/lib/libcoretls_cfhelpers.dylib
0x00007fff2a8b4000 	/usr/lib/libapple_nghttp2.dylib
0x00007fff2a608000 	/usr/lib/system/libkxld.dylib
0x00007fff25e28000 	/usr/lib/libsqlite3.dylib
0x00007fff2a37c000 	/System/Library/PrivateFrameworks/AppleFSCompression.framework/Versions/A/AppleFSCompression
0x00007fff29e26000 	/usr/lib/libcoretls.dylib
0x00007fff2a8e1000 	/usr/lib/libpam.2.dylib
0x00007fff2ae15000 	/usr/lib/libxar.1.dylib
0x00007fff2920f000 	/System/Library/PrivateFrameworks/AppleSystemInfo.framework/Versions/A/AppleSystemInfo
0x00007fff29a69000 	/System/Library/PrivateFrameworks/IOMobileFramebuffer.framework/Versions/A/IOMobileFramebuffer
0x00007fff2a38c000 	/usr/lib/libbz2.1.0.dylib
0x00007fff2a6ad000 	/usr/lib/libiconv.2.dylib
0x00007fff2a601000 	/usr/lib/libcharset.1.dylib
0x00007fff27365000 	/System/Library/Frameworks/CoreServices.framework/Versions/A/Frameworks/FSEvents.framework/Versions/A/FSEvents
0x00007fff226ba000 	/System/Library/Frameworks/CoreServices.framework/Versions/A/Frameworks/CarbonCore.framework/Versions/A/CarbonCore
0x00007fff263c3000 	/System/Library/Frameworks/CoreServices.framework/Versions/A/Frameworks/Metadata.framework/Versions/A/Metadata
0x00007fff2a39f000 	/System/Library/Frameworks/CoreServices.framework/Versions/A/Frameworks/OSServices.framework/Versions/A/OSServices
0x00007fff2a822000 	/System/Library/Frameworks/CoreServices.framework/Versions/A/Frameworks/SearchKit.framework/Versions/A/SearchKit
0x00007fff26144000 	/System/Library/Frameworks/CoreServices.framework/Versions/A/Frameworks/AE.framework/Versions/A/AE
0x00007fff20829000 	/System/Library/Frameworks/CoreServices.framework/Versions/A/Frameworks/LaunchServices.framework/Versions/A/LaunchServices
0x00007fff2acb0000 	/System/Library/Frameworks/CoreServices.framework/Versions/A/Frameworks/DictionaryServices.framework/Versions/A/DictionaryServices
0x00007fff2736e000 	/System/Library/Frameworks/CoreServices.framework/Versions/A/Frameworks/SharedFileList.framework/Versions/A/SharedFileList
0x00007fff29e1a000 	/usr/lib/libCheckFix.dylib
0x00007fff24aaa000 	/System/Library/PrivateFrameworks/TCC.framework/Versions/A/TCC
0x00007fff29215000 	/System/Library/PrivateFrameworks/CoreNLP.framework/Versions/A/CoreNLP
0x00007fff26376000 	/System/Library/PrivateFrameworks/MetadataUtilities.framework/Versions/A/MetadataUtilities
0x00007fff20e37000 	/usr/lib/libmecabra.dylib
0x00007fff2a12e000 	/System/Library/Frameworks/MLCompute.framework/Versions/A/MLCompute
0x00007fff29e4f000 	/usr/lib/libmecab.dylib
0x00007fff29e99000 	/usr/lib/libgermantok.dylib
0x00007fff2a88a000 	/usr/lib/libThaiTokenizer.dylib
0x00007fff2ae50000 	/usr/lib/libChineseTokenizer.dylib
0x00007fff2a8df000 	/System/Library/Frameworks/MetalPerformanceShaders.framework/Versions/A/MetalPerformanceShaders
0x00007fff26465000 	/System/Library/Frameworks/Accelerate.framework/Versions/A/Frameworks/vImage.framework/Versions/A/vImage
0x00007fff30192000 	/System/Library/Frameworks/Accelerate.framework/Versions/A/Frameworks/vecLib.framework/Versions/A/vecLib
0x00007fff2ae5b000 	/System/Library/Frameworks/Accelerate.framework/Versions/A/Frameworks/vecLib.framework/Versions/A/libvMisc.dylib
0x00007fff298c5000 	/System/Library/Frameworks/Accelerate.framework/Versions/A/Frameworks/vecLib.framework/Versions/A/libvDSP.dylib
0x00007fff20b2d000 	/System/Library/Frameworks/Accelerate.framework/Versions/A/Frameworks/vecLib.framework/Versions/A/libBLAS.dylib
0x00007fff2a905000 	/System/Library/Frameworks/Accelerate.framework/Versions/A/Frameworks/vecLib.framework/Versions/A/libLAPACK.dylib
0x00007fff29e9f000 	/System/Library/Frameworks/Accelerate.framework/Versions/A/Frameworks/vecLib.framework/Versions/A/libLinearAlgebra.dylib
0x00007fff2a8cc000 	/System/Library/Frameworks/Accelerate.framework/Versions/A/Frameworks/vecLib.framework/Versions/A/libSparseBLAS.dylib
0x00007fff2a8ff000 	/System/Library/Frameworks/Accelerate.framework/Versions/A/Frameworks/vecLib.framework/Versions/A/libQuadrature.dylib
0x00007fff292bd000 	/System/Library/Frameworks/Accelerate.framework/Versions/A/Frameworks/vecLib.framework/Versions/A/libBNNS.dylib
0x00007fff20d14000 	/System/Library/Frameworks/Accelerate.framework/Versions/A/Frameworks/vecLib.framework/Versions/A/libSparse.dylib
0x00007fff291a8000 	/System/Library/Frameworks/MetalPerformanceShaders.framework/Versions/A/Frameworks/MPSCore.framework/Versions/A/MPSCore
0x00007fff2a2eb000 	/System/Library/Frameworks/MetalPerformanceShaders.framework/Versions/A/Frameworks/MPSImage.framework/Versions/A/MPSImage
0x00007fff29eb6000 	/System/Library/Frameworks/MetalPerformanceShaders.framework/Versions/A/Frameworks/MPSNeuralNetwork.framework/Versions/A/MPSNeuralNetwork
0x00007fff2a276000 	/System/Library/Frameworks/MetalPerformanceShaders.framework/Versions/A/Frameworks/MPSMatrix.framework/Versions/A/MPSMatrix
0x00007fff2a0de000 	/System/Library/Frameworks/MetalPerformanceShaders.framework/Versions/A/Frameworks/MPSRayIntersector.framework/Versions/A/MPSRayIntersector
0x00007fff2a2ad000 	/System/Library/Frameworks/MetalPerformanceShaders.framework/Versions/A/Frameworks/MPSNDArray.framework/Versions/A/MPSNDArray
0x00007fff20a59000 	/System/Library/PrivateFrameworks/MetalTools.framework/Versions/A/MetalTools
0x00007fff2920d000 	/System/Library/PrivateFrameworks/AggregateDictionary.framework/Versions/A/AggregateDictionary
0x00007fff2634e000 	/System/Library/PrivateFrameworks/CoreAnalytics.framework/Versions/A/CoreAnalytics
0x00007fff2a88c000 	/System/Library/PrivateFrameworks/AppleSauce.framework/Versions/A/AppleSauce
0x00007fff28516000 	/System/Library/PrivateFrameworks/IOAccelerator.framework/Versions/A/IOAccelerator
0x00007fff6cb23000 	/System/Library/Frameworks/OpenGL.framework/Versions/A/Libraries/libCoreFSCache.dylib
0x00007fff213d3000 	/System/Library/PrivateFrameworks/LanguageModeling.framework/Versions/A/LanguageModeling
0x00007fff29a56000 	/System/Library/PrivateFrameworks/CoreEmoji.framework/Versions/A/CoreEmoji
0x00007fff292b6000 	/System/Library/PrivateFrameworks/LinguisticData.framework/Versions/A/LinguisticData
0x00007fff20cc6000 	/System/Library/PrivateFrameworks/Lexicon.framework/Versions/A/Lexicon
0x00007fff2a79e000 	/usr/lib/libcmph.dylib
0x00007fff27345000 	/System/Library/Frameworks/OpenDirectory.framework/Versions/A/Frameworks/CFOpenDirectory.framework/Versions/A/CFOpenDirectory
0x00007fff27335000 	/System/Library/Frameworks/OpenDirectory.framework/Versions/A/OpenDirectory
0x00007fff2ad1a000 	/System/Library/PrivateFrameworks/APFS.framework/Versions/A/APFS
0x00007fff29d7b000 	/System/Library/Frameworks/SecurityFoundation.framework/Versions/A/SecurityFoundation
0x00007fff2ae23000 	/usr/lib/libutil.dylib
0x00007fff229e1000 	/System/Library/PrivateFrameworks/CoreServicesStore.framework/Versions/A/CoreServicesStore
0x00007fff29e12000 	/System/Library/Frameworks/ServiceManagement.framework/Versions/A/ServiceManagement
0x00007fff2ae27000 	/usr/lib/libxslt.1.dylib
0x00007fff29e08000 	/System/Library/PrivateFrameworks/BackgroundTaskManagement.framework/Versions/A/BackgroundTaskManagement
0x00007fff2bf6b000 	/System/Library/Frameworks/ImageIO.framework/Versions/A/Resources/libRadiance.dylib
0x00007fff2bf74000 	/System/Library/Frameworks/ImageIO.framework/Versions/A/Resources/libJPEG.dylib
0x00007fff2bec0000 	/System/Library/Frameworks/ImageIO.framework/Versions/A/Resources/libPng.dylib
0x00007fff2bee7000 	/System/Library/Frameworks/ImageIO.framework/Versions/A/Resources/libTIFF.dylib
0x00007fff2bfc9000 	/System/Library/Frameworks/ImageIO.framework/Versions/A/Resources/libGIF.dylib
0x00007fff2bc24000 	/System/Library/Frameworks/ImageIO.framework/Versions/A/Resources/libJP2.dylib
0x00007fff2b30e000 	/usr/lib/libexpat.1.dylib
0x00007fff2bbd9000 	/System/Library/PrivateFrameworks/AppleJPEG.framework/Versions/A/AppleJPEG
0x00007fff2874c000 	/System/Library/PrivateFrameworks/FontServices.framework/libFontParser.dylib
0x00007fff260f8000 	/System/Library/PrivateFrameworks/RunningBoardServices.framework/Versions/A/RunningBoardServices
0x00007fff2bd02000 	/System/Library/PrivateFrameworks/WatchdogClient.framework/Versions/A/WatchdogClient
0x00007fff214c0000 	/System/Library/Frameworks/CoreDisplay.framework/Versions/A/CoreDisplay
0x00007fff28662000 	/System/Library/Frameworks/CoreMedia.framework/Versions/A/CoreMedia
0x00007fff274c2000 	/System/Library/Frameworks/CoreVideo.framework/Versions/A/CoreVideo
0x00007fff2bd3a000 	/System/Library/Frameworks/VideoToolbox.framework/Versions/A/VideoToolbox
0x00007fff26076000 	/System/Library/PrivateFrameworks/BaseBoard.framework/Versions/A/BaseBoard
0x00007fff2b453000 	/System/Library/PrivateFrameworks/PersistentConnection.framework/Versions/A/PersistentConnection
0x00007fff25e11000 	/System/Library/PrivateFrameworks/ProtocolBuffer.framework/Versions/A/ProtocolBuffer
0x00007fff2605d000 	/System/Library/PrivateFrameworks/CommonUtilities.framework/Versions/A/CommonUtilities
0x00007fff2bb6e000 	/System/Library/PrivateFrameworks/Bom.framework/Versions/A/Bom
0x00007fff2bf64000 	/System/Library/PrivateFrameworks/GPUWrangler.framework/Versions/A/GPUWrangler
0x00007fff2bf47000 	/System/Library/PrivateFrameworks/IOPresentment.framework/Versions/A/IOPresentment
0x00007fff2bf6e000 	/System/Library/PrivateFrameworks/DSExternalDisplay.framework/Versions/A/DSExternalDisplay
0x00007fff2bfce000 	/System/Library/PrivateFrameworks/CMCaptureCore.framework/Versions/A/CMCaptureCore
0x00007fff2b8f3000 	/System/Library/PrivateFrameworks/AppServerSupport.framework/Versions/A/AppServerSupport
0x00007fff2d9a2000 	/System/Library/PrivateFrameworks/perfdata.framework/Versions/A/perfdata
0x00007fff29d6a000 	/System/Library/PrivateFrameworks/AssertionServices.framework/Versions/A/AssertionServices
0x00007fff215f7000 	/System/Library/PrivateFrameworks/AudioToolboxCore.framework/Versions/A/AudioToolboxCore
0x00007fff28645000 	/System/Library/PrivateFrameworks/caulk.framework/Versions/A/caulk
0x00007fff3d64d000 	/System/Library/PrivateFrameworks/SystemPolicy.framework/Versions/A/SystemPolicy
0x00007fff2b103000 	/usr/lib/libIOReport.dylib
0x00007fff2d1c4000 	/usr/lib/libSMC.dylib
0x00007fff2be8d000 	/usr/lib/libAudioToolboxUtility.dylib
0x00007fff3dfb7000 	/usr/lib/libmis.dylib
0x00007fff6cb7f000 	/System/Library/Frameworks/OpenGL.framework/Versions/A/Libraries/libGLU.dylib
0x00007fff6cb42000 	/System/Library/Frameworks/OpenGL.framework/Versions/A/Libraries/libGFXShared.dylib
0x00007fff6cd51000 	/System/Library/Frameworks/OpenGL.framework/Versions/A/Libraries/libGL.dylib
0x00007fff6cb4b000 	/System/Library/Frameworks/OpenGL.framework/Versions/A/Libraries/libGLImage.dylib
0x00007fff6cb3f000 	/System/Library/Frameworks/OpenGL.framework/Versions/A/Libraries/libCVMSPluginSupport.dylib
0x00007fff6cb2a000 	/System/Library/Frameworks/OpenGL.framework/Versions/A/Libraries/libCoreVMClient.dylib
0x00007fff6e192000 	/System/Library/Frameworks/OpenCL.framework/Versions/A/OpenCL
0x00007fff2b47d000 	/System/Library/PrivateFrameworks/GraphVisualizer.framework/Versions/A/GraphVisualizer
0x00007fff2b48c000 	/System/Library/PrivateFrameworks/FaceCore.framework/Versions/A/FaceCore
0x00007fff2b8a8000 	/System/Library/PrivateFrameworks/OTSVG.framework/Versions/A/OTSVG
0x00007fff270b9000 	/System/Library/Frameworks/ApplicationServices.framework/Versions/A/Frameworks/ATS.framework/Versions/A/Resources/libFontRegistry.dylib
0x00007fff2b8fa000 	/System/Library/PrivateFrameworks/FontServices.framework/libhvf.dylib
0x00007fff2b2ba000 	/System/Library/PrivateFrameworks/AppleVA.framework/Versions/A/AppleVA
0x00007fff2d00d000 	/System/Library/Frameworks/ApplicationServices.framework/Versions/A/Frameworks/ATS.framework/Versions/A/ATS
0x00007fff2d31f000 	/System/Library/Frameworks/ApplicationServices.framework/Versions/A/Frameworks/ColorSyncLegacy.framework/Versions/A/ColorSyncLegacy
0x00007fff255da000 	/System/Library/Frameworks/ApplicationServices.framework/Versions/A/Frameworks/HIServices.framework/Versions/A/HIServices
0x00007fff2d304000 	/System/Library/Frameworks/ApplicationServices.framework/Versions/A/Frameworks/LangAnalysis.framework/Versions/A/LangAnalysis
0x00007fff2bfd8000 	/System/Library/Frameworks/ApplicationServices.framework/Versions/A/Frameworks/PrintCore.framework/Versions/A/PrintCore
0x00007fff2d327000 	/System/Library/Frameworks/ApplicationServices.framework/Versions/A/Frameworks/QD.framework/Versions/A/QD
0x00007fff2cffd000 	/System/Library/Frameworks/ApplicationServices.framework/Versions/A/Frameworks/SpeechSynthesis.framework/Versions/A/SpeechSynthesis
0x00007fff2bf99000 	/System/Library/Frameworks/ApplicationServices.framework/Versions/A/Frameworks/ATSUI.framework/Versions/A/ATSUI
0x00007fff2d2a4000 	/usr/lib/libcups.2.dylib
0x00007fff2d314000 	/System/Library/PrivateFrameworks/NetAuth.framework/Versions/A/NetAuth
0x00007fff2d9be000 	/System/Library/Frameworks/Kerberos.framework/Versions/A/Kerberos
0x00007fff2d9ce000 	/System/Library/Frameworks/GSS.framework/Versions/A/GSS
0x00007fff2d079000 	/usr/lib/libresolv.9.dylib
0x00007fff2b90f000 	/System/Library/PrivateFrameworks/Heimdal.framework/Versions/A/Heimdal
0x00007fff33752000 	/System/Library/Frameworks/Kerberos.framework/Versions/A/Libraries/libHeimdalProxy.dylib
0x00007fff261c9000 	/System/Library/Frameworks/Network.framework/Versions/A/Network
0x00007fff2b328000 	/usr/lib/libheimdal-asn1.dylib
0x00007fff2da1e000 	/System/Library/PrivateFrameworks/CommonAuth.framework/Versions/A/CommonAuth
0x00007fff2750f000 	/System/Library/PrivateFrameworks/login.framework/Versions/A/Frameworks/loginsupport.framework/Versions/A/loginsupport
0x00007fff2cf82000 	/System/Library/PrivateFrameworks/AudioSession.framework/Versions/A/AudioSession
0x00007fff2cfea000 	/usr/lib/libAudioStatistics.dylib
0x00007fff2b3b5000 	/System/Library/PrivateFrameworks/MediaExperience.framework/Versions/A/MediaExperience
0x00007fff2ce1f000 	/System/Library/PrivateFrameworks/AudioSession.framework/libSessionUtility.dylib
0x00007fff2d9af000 	/usr/lib/libperfcheck.dylib
0x00007fff2d333000 	/System/Library/PrivateFrameworks/AudioResourceArbitration.framework/Versions/A/AudioResourceArbitration
0x00007fff2b332000 	/System/Library/PrivateFrameworks/IconFoundation.framework/Versions/A/IconFoundation
0x00007fff2fe5c000 	/System/Library/PrivateFrameworks/SpeechRecognitionCore.framework/Versions/A/SpeechRecognitionCore
0x000000010d800000 	/Applications/Android Studio.app/Contents/jre/jdk/Contents/Home/jre/lib/server/libjvm.dylib
0x00007fff78a6b000 	/usr/lib/libstdc++.6.dylib
0x00000001092a8000 	/Applications/Android Studio.app/Contents/jre/jdk/Contents/Home/jre/lib/libverify.dylib
0x00000001092cf000 	/Applications/Android Studio.app/Contents/jre/jdk/Contents/Home/jre/lib/libjava.dylib
0x00000001093b2000 	/Applications/Android Studio.app/Contents/jre/jdk/Contents/Home/jre/lib/libzip.dylib
0x00000001257a6000 	/Applications/Android Studio.app/Contents/jre/jdk/Contents/Home/jre/lib/libnio.dylib
0x00000001257dd000 	/Applications/Android Studio.app/Contents/jre/jdk/Contents/Home/jre/lib/libnet.dylib
0x00000001258e4000 	/private/var/folders/s8/4fvt_pzd1z7dhd55w7x1ylnc0000gn/T/libgdxcarolineskjoren/5f446c54/libgdx64.dylib
0x00000001259c4000 	/Applications/Android Studio.app/Contents/jre/jdk/Contents/Home/jre/lib/libawt.dylib
0x0000000125b32000 	/Applications/Android Studio.app/Contents/jre/jdk/Contents/Home/jre/lib/libmlib_image.dylib
0x00007fff6f9bf000 	/System/Library/Frameworks/JavaNativeFoundation.framework/Versions/A/JavaNativeFoundation
0x00007fff6f9cb000 	/System/Library/Frameworks/JavaRuntimeSupport.framework/Versions/A/JavaRuntimeSupport
0x00007fff3d3c5000 	/System/Library/Frameworks/Carbon.framework/Versions/A/Carbon
0x00007fff31e26000 	/System/Library/PrivateFrameworks/CoreSymbolication.framework/Versions/A/CoreSymbolication
0x00007fff366bf000 	/System/Library/Frameworks/Carbon.framework/Versions/A/Frameworks/CommonPanels.framework/Versions/A/CommonPanels
0x00007fff3320c000 	/System/Library/Frameworks/Carbon.framework/Versions/A/Frameworks/Help.framework/Versions/A/Help
0x00007fff366c3000 	/System/Library/Frameworks/Carbon.framework/Versions/A/Frameworks/ImageCapture.framework/Versions/A/ImageCapture
0x00007fff3669b000 	/System/Library/Frameworks/Carbon.framework/Versions/A/Frameworks/OpenScripting.framework/Versions/A/OpenScripting
0x00007fff366bb000 	/System/Library/Frameworks/Carbon.framework/Versions/A/Frameworks/Ink.framework/Versions/A/Ink
0x00007fff3d3c1000 	/System/Library/Frameworks/Carbon.framework/Versions/A/Frameworks/Print.framework/Versions/A/Print
0x00007fff366b7000 	/System/Library/Frameworks/Carbon.framework/Versions/A/Frameworks/SecurityHI.framework/Versions/A/SecurityHI
0x00007fff31de9000 	/System/Library/PrivateFrameworks/DebugSymbols.framework/Versions/A/DebugSymbols
0x0000000125cea000 	/Applications/Android Studio.app/Contents/jre/jdk/Contents/Home/jre/lib/libawt_lwawt.dylib
0x0000000125ebf000 	/Applications/Android Studio.app/Contents/jre/jdk/Contents/Home/jre/lib/libosxapp.dylib
0x00007fff3c785000 	/System/Library/Frameworks/ExceptionHandling.framework/Versions/A/ExceptionHandling
0x00007fff229a2000 	/System/Library/PrivateFrameworks/CoreServicesInternal.framework/Versions/A/CoreServicesInternal
0x00007fff31342000 	/System/Library/Frameworks/FileProvider.framework/Versions/A/FileProvider
0x00007fff25fe0000 	/System/Library/Frameworks/Accounts.framework/Versions/A/Accounts
0x00007fff31463000 	/System/Library/PrivateFrameworks/GenerationalStorage.framework/Versions/A/GenerationalStorage
0x00007fff30d61000 	/System/Library/PrivateFrameworks/SymptomDiagnosticReporter.framework/Versions/A/SymptomDiagnosticReporter
0x00007fff2e667000 	/System/Library/PrivateFrameworks/AppContainer.framework/Versions/A/AppContainer
0x00007fff23aee000 	/System/Library/PrivateFrameworks/DesktopServicesPriv.framework/Versions/A/DesktopServicesPriv
0x00007fff22ad7000 	/usr/lib/libsandbox.1.dylib
0x00007fff2753b000 	/System/Library/PrivateFrameworks/UserManagement.framework/Versions/A/UserManagement
0x00007fff29d47000 	/System/Library/PrivateFrameworks/MobileKeyBag.framework/Versions/A/MobileKeyBag
0x00007fff347bc000 	/System/Library/PrivateFrameworks/ChunkingLibrary.framework/Versions/A/ChunkingLibrary
0x00007fff2e67c000 	/System/Library/PrivateFrameworks/SecCodeWrapper.framework/Versions/A/SecCodeWrapper
0x00007fff2b10b000 	/System/Library/PrivateFrameworks/CrashReporterSupport.framework/Versions/A/CrashReporterSupport
0x00007fff4853f000 	/System/Library/PrivateFrameworks/OSAnalytics.framework/Versions/A/OSAnalytics
0x00007fff78357000 	/usr/lib/libRosetta.dylib
0x00007fff3319d000 	/System/Library/PrivateFrameworks/RemoteServiceDiscovery.framework/Versions/A/RemoteServiceDiscovery
0x00007fff52517000 	/System/Library/PrivateFrameworks/Symbolication.framework/Versions/A/Symbolication
0x00007fff331ad000 	/System/Library/PrivateFrameworks/RemoteXPC.framework/Versions/A/RemoteXPC
0x00007fff396b8000 	/System/Library/PrivateFrameworks/OSAServicesClient.framework/Versions/A/OSAServicesClient
0x00007fff3df96000 	/System/Library/PrivateFrameworks/MallocStackLogging.framework/Versions/A/MallocStackLogging
0x00007fff2e3fe000 	/System/Library/PrivateFrameworks/Sharing.framework/Versions/A/Sharing
0x00007fff32d7a000 	/System/Library/PrivateFrameworks/Apple80211.framework/Versions/A/Apple80211
0x00007fff2a3cd000 	/System/Library/PrivateFrameworks/AuthKit.framework/Versions/A/AuthKit
0x00007fff29b47000 	/System/Library/PrivateFrameworks/CoreUtils.framework/Versions/A/CoreUtils
0x00007fff29a74000 	/System/Library/Frameworks/CoreWLAN.framework/Versions/A/CoreWLAN
0x00007fff2e546000 	/System/Library/Frameworks/IOBluetooth.framework/Versions/A/IOBluetooth
0x00007fff32dde000 	/System/Library/PrivateFrameworks/CoreWiFi.framework/Versions/A/CoreWiFi
0x00007fff2daa6000 	/System/Library/PrivateFrameworks/CorePhoneNumbers.framework/Versions/A/CorePhoneNumbers
0x00007fff30e69000 	/System/Library/PrivateFrameworks/DiskManagement.framework/Versions/A/DiskManagement
0x00007fff30d7f000 	/System/Library/PrivateFrameworks/AppleIDAuthSupport.framework/Versions/A/AppleIDAuthSupport
0x00007fff2da83000 	/System/Library/PrivateFrameworks/KeychainCircle.framework/Versions/A/KeychainCircle
0x00007fff30e35000 	/System/Library/PrivateFrameworks/MediaKit.framework/Versions/A/MediaKit
0x00007fff30d8c000 	/System/Library/Frameworks/DiscRecording.framework/Versions/A/DiscRecording
0x00007fff2b22e000 	/usr/lib/libCoreStorage.dylib
0x00007fff33218000 	/usr/lib/libcsfde.dylib
0x00007fff2e680000 	/System/Library/PrivateFrameworks/ProtectedCloudStorage.framework/Versions/A/ProtectedCloudStorage
0x00007fff33210000 	/System/Library/PrivateFrameworks/EFILogin.framework/Versions/A/EFILogin
0x00007fff33805000 	/System/Library/Frameworks/AudioUnit.framework/Versions/A/AudioUnit
0x00007fff30cfe000 	/System/Library/Frameworks/CoreBluetooth.framework/Versions/A/CoreBluetooth
0x00007fff2b226000 	/usr/lib/libMatch.1.dylib
0x00007fff441d0000 	/System/Library/CoreServices/RawCamera.bundle/Contents/MacOS/RawCamera
0x00007fff2da2f000 	/System/Library/PrivateFrameworks/MobileAsset.framework/Versions/A/MobileAsset
0x00007fff3382a000 	/System/Library/PrivateFrameworks/StreamingZip.framework/Versions/A/StreamingZip
0x00007fff2c1d1000 	/System/Library/Frameworks/MediaToolbox.framework/Versions/A/MediaToolbox
0x00007fff31314000 	/System/Library/PrivateFrameworks/CoreAVCHD.framework/Versions/A/CoreAVCHD
0x00007fff304c8000 	/System/Library/Frameworks/MediaAccessibility.framework/Versions/A/MediaAccessibility
0x00007fff31310000 	/System/Library/PrivateFrameworks/Mangrove.framework/Versions/A/Mangrove
0x00007fff304d4000 	/System/Library/PrivateFrameworks/AlgosScoreFramework.framework/Versions/A/AlgosScoreFramework
0x00007fff31cd9000 	/System/Library/PrivateFrameworks/AppleVPA.framework/Versions/A/AppleVPA
0x00007fff30f55000 	/System/Library/PrivateFrameworks/CoreAUC.framework/Versions/A/CoreAUC
0x00007fff41bc3000 	/System/Library/Frameworks/Accelerate.framework/Versions/A/Frameworks/vImage.framework/Versions/A/Libraries/libCGInterfaces.dylib
0x0000000128043000 	/usr/lib/libobjc-trampolines.dylib
0x00007fff2723d000 	/System/Library/PrivateFrameworks/ViewBridge.framework/Versions/A/ViewBridge
0x00000001296a8000 	/Applications/Android Studio.app/Contents/jre/jdk/Contents/Home/jre/lib/libfontmanager.dylib
0x00000001298c2000 	/Applications/Android Studio.app/Contents/jre/jdk/Contents/Home/jre/lib/libfreetype.dylib.6
0x0000000129aef000 	/private/var/folders/s8/4fvt_pzd1z7dhd55w7x1ylnc0000gn/T/libgdxcarolineskjoren/f7649394/liblwjgl.dylib
0x0000000128ec7000 	/Applications/Android Studio.app/Contents/jre/jdk/Contents/Home/jre/lib/libjawt.dylib
0x0000000129bf2000 	/private/var/folders/s8/4fvt_pzd1z7dhd55w7x1ylnc0000gn/T/libgdxcarolineskjoren/f7649394/openal.dylib
0x0000000129cbc000 	/System/Library/Components/CoreAudio.component/Contents/MacOS/CoreAudio
0x00007fff6cd5c000 	/System/Library/Frameworks/OpenGL.framework/Versions/A/Resources/GLEngine.bundle/GLEngine
0x00007fff6cbbc000 	/System/Library/Frameworks/OpenGL.framework/Versions/A/Libraries/libGLProgrammability.dylib
0x000000012a11c000 	/System/Library/Extensions/AppleMetalOpenGLRenderer.bundle/Contents/MacOS/AppleMetalOpenGLRenderer
0x00007fff6ced8000 	/System/Library/Frameworks/OpenGL.framework/Versions/A/Resources/GLRendererFloat.bundle/GLRendererFloat
0x000000012a271000 	/System/Library/Extensions/AGXMetal13_3.bundle/Contents/MacOS/AGXMetal13_3
0x00007fff38a15000 	/System/Library/PrivateFrameworks/IOGPU.framework/Versions/A/IOGPU
0x00007fff6a6b5000 	/System/Library/PrivateFrameworks/GPUCompiler.framework/Versions/31001/Libraries/libmetal_timestamp.dylib
0x00007fff2b9d0000 	/System/Library/PrivateFrameworks/login.framework/Versions/A/login

VM Arguments:
jvm_args: -Dfile.encoding=UTF-8 -Duser.country=NO -Duser.language=nb -Duser.variant 
java_command: com.zebra.game.desktop.DesktopLauncher
java_class_path (initial): /Users/carolineskjoren/AndroidStudioProjects/gruppe5/desktop/build/classes/java/main:/Users/carolineskjoren/AndroidStudioProjects/gruppe5/desktop/build/resources/main:/Users/carolineskjoren/.gradle/caches/modules-2/files-2.1/com.badlogicgames.gdx/gdx-backend-lwjgl/1.9.13/ed6e70cf224ad7d8cfa8e1b3f0e97760a8125e90/gdx-backend-lwjgl-1.9.13.jar:/Users/carolineskjoren/.gradle/caches/modules-2/files-2.1/com.badlogicgames.gdx/gdx-platform/1.9.13/36e453b8ebdf004e7ebbc8b0b23549316371c82/gdx-platform-1.9.13-natives-desktop.jar:/Users/carolineskjoren/.gradle/caches/modules-2/files-2.1/com.badlogicgames.gdx/gdx-box2d-platform/1.9.13/ce1d100ee60a6c5f1f14a15be8f44e5de478bc7b/gdx-box2d-platform-1.9.13-natives-desktop.jar:/Users/carolineskjoren/AndroidStudioProjects/gruppe5/core/build/libs/core-1.0.jar:/Users/carolineskjoren/.gradle/caches/modules-2/files-2.1/com.badlogicgames.gdx/gdx-box2d/1.9.13/11d01da43038e0b123f7f7187abc762a26e7a7bf/gdx-box2d-1.9.13.jar:/Users/carolineskjoren/.gradle/caches/modules-2/files-2.1/com.badlogicgames.gdx/gdx/1.9.13/3a246302e97759c7d171678db765cd5521af0cd9/gdx-1.9.13.jar:/Users/carolineskjoren/.gradle/caches/modules-2/files-2.1/org.lwjgl.lwjgl/lwjgl_util/2.9.3/751f06b62424da056954c67288fd5c494431e350/lwjgl_util-2.9.3.jar:/Users/carolineskjoren/.gradle/caches/modules-2/files-2.1/org.lwjgl.lwjgl/lwjgl/2.9.3/3df168ac74e4a8c96562cdff24ad352e255bf89c/lwjgl-2.9.3.jar:/Users/carolineskjoren/.gradle/caches/modules-2/files-2.1/com.badlogicgames.jlayer/jlayer/1.0.1-gdx/7cca83cec5c1b2f011362f4d85aabd71a73b049d/jlayer-1.0.1-gdx.jar:/Users/carolineskjoren/.gradle/caches/modules-2/files-2.1/org.jcraft/jorbis/0.0.17/8872d22b293e8f5d7d56ff92be966e6dc28ebdc6/jorbis-0.0.17.jar:/Users/carolineskjoren/.gradle/caches/modules-2/files-2.1/org.lwjgl.lwjgl/lwjgl-platform/2.9.3/fbc2afb3e288578e9942578decb6291a490549a0/lwjgl-platform-2.9.3-natives-windows.jar:/Users/carolineskjoren/.gradle/caches/modules-2/files-2.1/org.lwjgl.lwjgl/lwjgl-platform/2.
Launcher Type: SUN_STANDARD

Environment Variables:
PATH=/opt/homebrew/bin:/opt/homebrew/sbin:/usr/local/bin:/usr/bin:/bin:/usr/sbin:/sbin:/Library/Apple/usr/bin
SHELL=/bin/zsh

Signal Handlers:
SIGSEGV: [libjvm.dylib+0x565c43], sa_mask[0]=11111111111111111111111111111111, sa_flags=SA_ONSTACK|SA_RESTART|SA_SIGINFO
SIGBUS: [libjvm.dylib+0x565c43], sa_mask[0]=11111111111111111111111111111111, sa_flags=SA_RESTART|SA_SIGINFO
SIGFPE: [libjvm.dylib+0x45dd9d], sa_mask[0]=11111111111111111111111111111111, sa_flags=SA_RESTART|SA_SIGINFO
SIGPIPE: [libjvm.dylib+0x45dd9d], sa_mask[0]=11111111111111111111111111111111, sa_flags=SA_RESTART|SA_SIGINFO
SIGXFSZ: [libjvm.dylib+0x45dd9d], sa_mask[0]=11111111111111111111111111111111, sa_flags=SA_RESTART|SA_SIGINFO
SIGILL: [libjvm.dylib+0x45dd9d], sa_mask[0]=11111111111111111111111111111111, sa_flags=SA_RESTART|SA_SIGINFO
SIGUSR1: SIG_DFL, sa_mask[0]=00000000000000000000000000000000, sa_flags=none
SIGUSR2: [libjvm.dylib+0x45e69c], sa_mask[0]=00100000000000000000000000000000, sa_flags=SA_RESTART|SA_SIGINFO
SIGHUP: [libjvm.dylib+0x45c8c1], sa_mask[0]=11111111111111111111111111111111, sa_flags=SA_RESTART|SA_SIGINFO
SIGINT: [libjvm.dylib+0x45c8c1], sa_mask[0]=11111111111111111111111111111111, sa_flags=SA_RESTART|SA_SIGINFO
SIGTERM: [libjvm.dylib+0x45c8c1], sa_mask[0]=11111111111111111111111111111111, sa_flags=SA_RESTART|SA_SIGINFO
SIGQUIT: [libjvm.dylib+0x45c8c1], sa_mask[0]=11111111111111111111111111111111, sa_flags=SA_RESTART|SA_SIGINFO


---------------  S Y S T E M  ---------------

OS:Bsduname:Darwin 20.3.0 Darwin Kernel Version 20.3.0: Thu Jan 21 00:06:51 PST 2021; root:xnu-7195.81.3~1/RELEASE_ARM64_T8101 x86_64
rlimit: STACK 8176k, CORE 0k, NPROC 1333, NOFILE 10240, AS infinity
load average:1.74 1.43 1.37

CPU:total 8 (initial active 8) (1 cores per cpu, 1 threads per core) family 6 model 44 stepping 0, cmov, cx8, fxsr, mmx, sse, sse2, sse3, ssse3, sse4.1, sse4.2, popcnt, aes, clmul, tsc, tscinvbit, tscinv

Memory: 4k page, physical 8388608k(30524k free)

/proc/meminfo:


vm_info: OpenJDK 64-Bit Server VM (25.242-b3-6915495) for bsd-amd64 JRE (1.8.0_242-release-1644-b3-6915495), built by "android-build" with gcc 4.2.1 Compatible Android (5484270 based on r353983c) Clang 9.0.3 (https://android.googlesource.com/toolchain/clang 745b335211bb9eadfa6aa6301f84715cee4b37c5) (https://android.googlesource.com/toolchain/llvm 60cf23e54e46c807513f7a36d0a7b777920b5881)

time: Tue Apr  6 14:00:08 2021
timezone: CEST
elapsed time: 4 seconds (0d 0h 0m 4s)

