#
# A fatal error has been detected by the Java Runtime Environment:
#
#  SIGSEGV (0xb) at pc=0x00007fff2025ebdd, pid=21967, tid=0x000000000001196b
#
# JRE version: OpenJDK Runtime Environment (8.0_242) (build 1.8.0_242-release-1644-b3-6915495)
# Java VM: OpenJDK 64-Bit Server VM (25.242-b3-6915495 mixed mode bsd-amd64 compressed oops)
# Problematic frame:
# C  [libobjc.A.dylib+0x6bdd]  objc_msgSend+0x1d
#
# Failed to write core dump. Core dumps have been disabled. To enable core dumping, try "ulimit -c unlimited" before starting Java again
#
# If you would like to submit a bug report, please visit:
#   http://bugreport.java.com/bugreport/crash.jsp
# The crash happened outside the Java Virtual Machine in native code.
# See problematic frame for where to report the bug.
#

---------------  T H R E A D  ---------------

Current thread (0x00007feec0a12800):  JavaThread "LWJGL Application" [_thread_in_native, id=72043, stack(0x0000000307572000,0x0000000307672000)]

siginfo: si_signo: 11 (SIGSEGV), si_code: 2 (SEGV_ACCERR), si_addr: 0x0000000000000018

Registers:
RAX=0x00007feec077b658, RBX=0x0000000000000000, RCX=0x0000000000000000, RDX=0x000000000001196b
RSP=0x0000000307671198, RBP=0x00000003076711e0, RSI=0x00007fff7c4fa3f1, RDI=0x00007feea0513320
R8 =0x0000000000000000, R9 =0x0000000000000002, R10=0x0000000000000000, R11=0x00007fff7c4fa3f1
R12=0x00007feec9d98000, R13=0x00007feec077b46c, R14=0x00007feea05118a0, R15=0x00007feec077b430
RIP=0x00007fff2025ebdd, EFLAGS=0x0000000000000247, ERR=0x0000000000000004
  TRAPNO=0x000000000000000e

Top of Stack: (sp=0x0000000307671198)
0x0000000307671198:   000000012b1def59 00007fff8909f000
0x00000003076711a8:   0000000020263b3f 00007fff7c4fa2dd
0x00000003076711b8:   000000000000aa68 00007feec9d98000
0x00000003076711c8:   00007feec11ef200 00007feec9d98000
0x00000003076711d8:   00007fff2025ebc0 0000000307671200
0x00000003076711e8:   000000012b1e93c3 00007feec9d98000
0x00000003076711f8:   00007fff7c4de14f 0000000307671230
0x0000000307671208:   000000012b1e965a 0000000000000000
0x0000000307671218:   000000000000000c 0000000307671274
0x0000000307671228:   00007feec9da3440 0000000307671260
0x0000000307671238:   000000012b1fec87 00007feec8168000
0x0000000307671248:   00007feec8168000 0000000307671274
0x0000000307671258:   0000000000000014 0000000307671290
0x0000000307671268:   00007fff6ba4daf0 0000000c00000004
0x0000000307671278:   0000000000000006 0000000000000004
0x0000000307671288:   00007feec0a12801 00000003076712f0
0x0000000307671298:   00007fff6ba132cf 00007fff6b941e35
0x00000003076712a8:   00007feec11ef640 0000000000000004
0x00000003076712b8:   0000000000000006 0000000600000004
0x00000003076712c8:   0000000000000f79 0000000000000000
0x00000003076712d8:   00000007c0028300 0000000307671338
0x00000003076712e8:   00007feec0a12800 0000000307671350
0x00000003076712f8:   000000010f118488 00007fff6b93e5c5
0x0000000307671308:   0000000000000000 0100000000000030
0x0000000307671318:   00007feec8168000 0000000000000000
0x0000000307671328:   0000000100001404 0000000100000001
0x0000000307671338:   0000000795fe7108 0000000307671390
0x0000000307671348:   0000000000000004 0000000000000000
0x0000000307671358:   000000010f1099b4 00007fee00001404
0x0000000307671368:   00007fff6b9422d9 0000000000008b5e
0x0000000307671378:   000000079619c9d0 00000003076713d8
0x0000000307671388:   00007feec0a12800 00000003076713f0 

Instructions: (pc=0x00007fff2025ebdd)
0x00007fff2025ebbd:   44 00 00 48 85 ff 2e 74 72 40 f6 c7 01 2e 75 76
0x00007fff2025ebcd:   49 ba f8 ff ff ff ff 7f 00 00 4c 23 17 49 89 f3
0x00007fff2025ebdd:   45 23 5a 18 49 c1 e3 04 4d 03 5a 10 49 3b 33 75
0x00007fff2025ebed:   0a 4d 8b 5b 08 4d 31 d3 41 ff e3 49 83 3b 01 76 

Register to memory mapping:

RAX=0x00007feec077b658 is an unknown value
RBX=0x0000000000000000 is an unknown value
RCX=0x0000000000000000 is an unknown value
RDX=0x000000000001196b is an unknown value
RSP=0x0000000307671198 is pointing into the stack for thread: 0x00007feec0a12800
RBP=0x00000003076711e0 is pointing into the stack for thread: 0x00007feec0a12800
RSI=0x00007fff7c4fa3f1: GCC_except_table772+0x5c26cb1d in /usr/lib/libobjc.A.dylib at 0x00007fff20258000
RDI=0x00007feea0513320 is an unknown value
R8 =0x0000000000000000 is an unknown value
R9 =0x0000000000000002 is an unknown value
R10=0x0000000000000000 is an unknown value
R11=0x00007fff7c4fa3f1: GCC_except_table772+0x5c26cb1d in /usr/lib/libobjc.A.dylib at 0x00007fff20258000
R12=0x00007feec9d98000 is an unknown value
R13=0x00007feec077b46c is an unknown value
R14=0x00007feea05118a0 is an unknown value
R15=0x00007feec077b430 is an unknown value


Stack: [0x0000000307572000,0x0000000307672000],  sp=0x0000000307671198,  free space=1020k
Native frames: (J=compiled Java code, j=interpreted, Vv=VM code, C=native code)
C  [libobjc.A.dylib+0x6bdd]  objc_msgSend+0x1d
C  [AppleMetalGLRenderer+0x2d3c3]  GLDContextRec::addRenderPassResources()+0x1f
C  [AppleMetalGLRenderer+0x2d65a]  GLDContextRec::beginRenderPass()+0x25a
C  [AppleMetalGLRenderer+0x42c87]  gldBeginPrimitiveBuffer(GLDContextRec*, unsigned int, int*)+0x106
C  [GLEngine+0x105af0]  gleBeginPrimitiveTCLFunc+0x48
C  [GLEngine+0xcb2cf]  glDrawElements_IMM_Exec+0x35e
J 862  org.lwjgl.opengl.GL11.nglDrawElements(IIIJJ)V (0 bytes) @ 0x000000010f118488 [0x000000010f1183c0+0xc8]
J 830 C1 org.lwjgl.opengl.GL11.glDrawElements(ILjava/nio/ShortBuffer;)V (38 bytes) @ 0x000000010f1099b4 [0x000000010f1090e0+0x8d4]
J 848 C1 com.badlogic.gdx.backends.lwjgl.LwjglGL20.glDrawElements(IIILjava/nio/Buffer;)V (124 bytes) @ 0x000000010f11705c [0x000000010f1162c0+0xd9c]
J 818 C1 com.badlogic.gdx.graphics.Mesh.render(Lcom/badlogic/gdx/graphics/glutils/ShaderProgram;IIIZ)V (341 bytes) @ 0x000000010f0fd46c [0x000000010f0fcda0+0x6cc]
J 1064 C2 com.badlogic.gdx.graphics.g2d.SpriteBatch.flush()V (193 bytes) @ 0x000000010f19da58 [0x000000010f19d660+0x3f8]
J 999 C1 com.badlogic.gdx.graphics.g2d.SpriteBatch.end()V (66 bytes) @ 0x000000010f1670d4 [0x000000010f166fc0+0x114]
j  com.zebra.game.view.BaseView.render(F)V+92
J 1028 C1 com.zebra.game.view.PlayView.render(F)V (192 bytes) @ 0x000000010f178a2c [0x000000010f1789a0+0x8c]
j  com.badlogic.gdx.Game.render()V+19
j  com.zebra.game.MyZebraGame.render()V+1
j  com.badlogic.gdx.backends.lwjgl.LwjglApplication.mainLoop()V+776
j  com.badlogic.gdx.backends.lwjgl.LwjglApplication$1.run()V+27
v  ~StubRoutines::call_stub
V  [libjvm.dylib+0x2cc647]  JavaCalls::call_helper(JavaValue*, methodHandle*, JavaCallArguments*, Thread*)+0x69b
V  [libjvm.dylib+0x2cb4a2]  JavaCalls::call_virtual(JavaValue*, KlassHandle, Symbol*, Symbol*, JavaCallArguments*, Thread*)+0x14a
V  [libjvm.dylib+0x2cb680]  JavaCalls::call_virtual(JavaValue*, Handle, KlassHandle, Symbol*, Symbol*, Thread*)+0x54
V  [libjvm.dylib+0x31bcc4]  thread_entry(JavaThread*, Thread*)+0x78
V  [libjvm.dylib+0x527e84]  JavaThread::thread_main_inner()+0x82
V  [libjvm.dylib+0x527d49]  JavaThread::run()+0x199
V  [libjvm.dylib+0x45b9eb]  java_start(Thread*)+0xfa
C  [libsystem_pthread.dylib+0x6950]  _pthread_start+0xe0
C  [libsystem_pthread.dylib+0x247b]  thread_start+0xf
C  0x0000000000000000

Java frames: (J=compiled Java code, j=interpreted, Vv=VM code)
J 862  org.lwjgl.opengl.GL11.nglDrawElements(IIIJJ)V (0 bytes) @ 0x000000010f11840e [0x000000010f1183c0+0x4e]
J 830 C1 org.lwjgl.opengl.GL11.glDrawElements(ILjava/nio/ShortBuffer;)V (38 bytes) @ 0x000000010f1099b4 [0x000000010f1090e0+0x8d4]
J 848 C1 com.badlogic.gdx.backends.lwjgl.LwjglGL20.glDrawElements(IIILjava/nio/Buffer;)V (124 bytes) @ 0x000000010f11705c [0x000000010f1162c0+0xd9c]
J 818 C1 com.badlogic.gdx.graphics.Mesh.render(Lcom/badlogic/gdx/graphics/glutils/ShaderProgram;IIIZ)V (341 bytes) @ 0x000000010f0fd46c [0x000000010f0fcda0+0x6cc]
J 1064 C2 com.badlogic.gdx.graphics.g2d.SpriteBatch.flush()V (193 bytes) @ 0x000000010f19da58 [0x000000010f19d660+0x3f8]
J 999 C1 com.badlogic.gdx.graphics.g2d.SpriteBatch.end()V (66 bytes) @ 0x000000010f1670d4 [0x000000010f166fc0+0x114]
j  com.zebra.game.view.BaseView.render(F)V+92
J 1028 C1 com.zebra.game.view.PlayView.render(F)V (192 bytes) @ 0x000000010f178a2c [0x000000010f1789a0+0x8c]
j  com.badlogic.gdx.Game.render()V+19
j  com.zebra.game.MyZebraGame.render()V+1
j  com.badlogic.gdx.backends.lwjgl.LwjglApplication.mainLoop()V+776
j  com.badlogic.gdx.backends.lwjgl.LwjglApplication$1.run()V+27
v  ~StubRoutines::call_stub

---------------  P R O C E S S  ---------------

Java Threads: ( => current thread )
  0x00007feec183a800 JavaThread "DestroyJavaVM" [_thread_blocked, id=9219, stack(0x0000000305af1000,0x0000000305bf1000)]
=>0x00007feec0a12800 JavaThread "LWJGL Application" [_thread_in_native, id=72043, stack(0x0000000307572000,0x0000000307672000)]
  0x00007feec1838000 JavaThread "AWT-Shutdown" [_thread_blocked, id=29731, stack(0x0000000306fbf000,0x00000003070bf000)]
  0x00007feec11a1800 JavaThread "AWT-AppKit" daemon [_thread_in_native, id=515, stack(0x000000030526d000,0x0000000305a6d000)]
  0x00007feec088e800 JavaThread "Service Thread" daemon [_thread_blocked, id=23559, stack(0x0000000306d32000,0x0000000306e32000)]
  0x00007feec180b000 JavaThread "C1 CompilerThread3" daemon [_thread_blocked, id=42243, stack(0x0000000306c2f000,0x0000000306d2f000)]
  0x00007feec0883000 JavaThread "C2 CompilerThread2" daemon [_thread_blocked, id=22787, stack(0x0000000306b2c000,0x0000000306c2c000)]
  0x00007feec180a000 JavaThread "C2 CompilerThread1" daemon [_thread_blocked, id=22531, stack(0x0000000306a29000,0x0000000306b29000)]
  0x00007feec1808800 JavaThread "C2 CompilerThread0" daemon [_thread_blocked, id=42755, stack(0x0000000306926000,0x0000000306a26000)]
  0x00007feec2025800 JavaThread "Signal Dispatcher" daemon [_thread_blocked, id=22023, stack(0x0000000306823000,0x0000000306923000)]
  0x00007feec085d000 JavaThread "Finalizer" daemon [_thread_blocked, id=18203, stack(0x0000000306612000,0x0000000306712000)]
  0x00007feec0856800 JavaThread "Reference Handler" daemon [_thread_blocked, id=18979, stack(0x000000030650f000,0x000000030660f000)]

Other Threads:
  0x00007feec0850000 VMThread [stack: 0x000000030640c000,0x000000030650c000] [id=13571]
  0x00007feec088f000 WatcherThread [stack: 0x0000000306e35000,0x0000000306f35000] [id=24067]

VM state:not at safepoint (normal execution)

VM Mutex/Monitor currently owned by a thread: None

heap address: 0x0000000740000000, size: 2048 MB, Compressed Oops mode: Zero based, Oop shift amount: 3
Narrow klass base: 0x0000000000000000, Narrow klass shift: 3
Compressed class space size: 1073741824 Address: 0x00000007c0000000

Heap:
 PSYoungGen      total 38400K, used 28112K [0x0000000795580000, 0x0000000798000000, 0x00000007c0000000)
  eden space 33280K, 84% used [0x0000000795580000,0x00000007970f4198,0x0000000797600000)
  from space 5120K, 0% used [0x0000000797b00000,0x0000000797b00000,0x0000000798000000)
  to   space 5120K, 0% used [0x0000000797600000,0x0000000797600000,0x0000000797b00000)
 ParOldGen       total 87552K, used 0K [0x0000000740000000, 0x0000000745580000, 0x0000000795580000)
  object space 87552K, 0% used [0x0000000740000000,0x0000000740000000,0x0000000745580000)
 Metaspace       used 9996K, capacity 10147K, committed 10368K, reserved 1058816K
  class space    used 989K, capacity 1051K, committed 1152K, reserved 1048576K

Card table byte_map: [0x000000011e19f000,0x000000011e5a0000] byte_map_base: 0x000000011a79f000

Marking Bits: (ParMarkBitMap*) 0x000000010d8273f8
 Begin Bits: [0x000000011e84b000, 0x000000012084b000)
 End Bits:   [0x000000012084b000, 0x000000012284b000)

Polling page: 0x0000000108eba000

CodeCache: size=245760Kb used=3827Kb max_used=3834Kb free=241933Kb
 bounds [0x000000010eddf000, 0x000000010f1af000, 0x000000011dddf000]
 total_blobs=1532 nmethods=1074 adapters=373
 compilation: enabled

Compilation events (10 events):
Event: 5.959 Thread 0x00007feec180b000 1070  s    3       org.lwjgl.opengl.MacOSXNativeMouse::mouseMoved (138 bytes)
Event: 5.962 Thread 0x00007feec180b000 nmethod 1070 0x000000010f19b250 code [0x000000010f19b460, 0x000000010f19bcc8]
Event: 5.962 Thread 0x00007feec1808800 1071       4       java.util.ArrayList$Itr::hasNext (20 bytes)
Event: 5.964 Thread 0x00007feec1808800 nmethod 1071 0x000000010f19f190 code [0x000000010f19f2e0, 0x000000010f19f378]
Event: 5.977 Thread 0x00007feec180b000 1072       3       java.nio.HeapByteBuffer::getLong (19 bytes)
Event: 5.977 Thread 0x00007feec180b000 nmethod 1072 0x000000010f19a910 code [0x000000010f19aac0, 0x000000010f19ae68]
Event: 5.978 Thread 0x00007feec180b000 1073       3       java.nio.Bits::getLong (18 bytes)
Event: 5.978 Thread 0x00007feec180b000 nmethod 1073 0x000000010f19a4d0 code [0x000000010f19a640, 0x000000010f19a838]
Event: 5.978 Thread 0x00007feec180b000 1074   !   3       org.lwjgl.input.Mouse::getEventNanoseconds (17 bytes)
Event: 5.978 Thread 0x00007feec180b000 nmethod 1074 0x000000010f19a010 code [0x000000010f19a180, 0x000000010f19a3f0]

GC Heap History (0 events):
No events

Deoptimization events (5 events):
Event: 0.960 Thread 0x00007feec0a12800 Uncommon trap: reason=unstable_if action=reinterpret pc=0x000000010efe74d8 method=java.lang.String.<init>([CII)V @ 18
Event: 0.997 Thread 0x00007feec0a12800 Uncommon trap: reason=unstable_if action=reinterpret pc=0x000000010efa2a78 method=java.lang.String.replace(CC)Ljava/lang/String; @ 26
Event: 1.149 Thread 0x00007feec0a12800 Uncommon trap: reason=unstable_if action=reinterpret pc=0x000000010f07ff30 method=java.util.StringTokenizer.scanToken(I)I @ 7
Event: 1.484 Thread 0x00007feec0a12800 Uncommon trap: reason=unstable_if action=reinterpret pc=0x000000010f07c988 method=java.util.StringTokenizer.skipDelimiters(I)I @ 29
Event: 1.533 Thread 0x00007feec0a12800 Uncommon trap: reason=unstable_if action=reinterpret pc=0x000000010f045528 method=java.io.UnixFileSystem.normalize(Ljava/lang/String;)Ljava/lang/String; @ 60

Classes redefined (0 events):
No events

Internal exceptions (10 events):
Event: 0.302 Thread 0x00007feec100f800 Exception <a 'java/lang/NoSuchFieldError': method resolution failed> (0x0000000795a965f8) thrown at [/Volumes/Android/buildbot/src/googleplex-android/openjdk/out/hotspot/src/share/vm/prims/methodHandles.cpp, line 1167]
Event: 0.309 Thread 0x00007feec100f800 Exception <a 'java/lang/NoSuchFieldError': method resolution failed> (0x0000000795aa3d48) thrown at [/Volumes/Android/buildbot/src/googleplex-android/openjdk/out/hotspot/src/share/vm/prims/methodHandles.cpp, line 1167]
Event: 0.552 Thread 0x00007feec100f800 Exception <a 'java/io/FileNotFoundException'> (0x0000000795b1eaf0) thrown at [/Volumes/Android/buildbot/src/googleplex-android/openjdk/out/hotspot/src/share/vm/prims/jni.cpp, line 710]
Event: 0.556 Thread 0x00007feec100f800 Exception <a 'java/io/FileNotFoundException'> (0x0000000795b1f680) thrown at [/Volumes/Android/buildbot/src/googleplex-android/openjdk/out/hotspot/src/share/vm/prims/jni.cpp, line 710]
Event: 0.589 Thread 0x00007feec100f800 Exception <a 'java/security/PrivilegedActionException'> (0x0000000795b3a290) thrown at [/Volumes/Android/buildbot/src/googleplex-android/openjdk/out/hotspot/src/share/vm/prims/jvm.cpp, line 1502]
Event: 0.589 Thread 0x00007feec100f800 Exception <a 'java/security/PrivilegedActionException'> (0x0000000795b3be78) thrown at [/Volumes/Android/buildbot/src/googleplex-android/openjdk/out/hotspot/src/share/vm/prims/jvm.cpp, line 1502]
Event: 0.589 Thread 0x00007feec100f800 Exception <a 'java/security/PrivilegedActionException'> (0x0000000795b3cf98) thrown at [/Volumes/Android/buildbot/src/googleplex-android/openjdk/out/hotspot/src/share/vm/prims/jvm.cpp, line 1502]
Event: 0.589 Thread 0x00007feec100f800 Exception <a 'java/security/PrivilegedActionException'> (0x0000000795b42168) thrown at [/Volumes/Android/buildbot/src/googleplex-android/openjdk/out/hotspot/src/share/vm/prims/jvm.cpp, line 1502]
Event: 0.589 Thread 0x00007feec100f800 Exception <a 'java/security/PrivilegedActionException'> (0x0000000795b42dc0) thrown at [/Volumes/Android/buildbot/src/googleplex-android/openjdk/out/hotspot/src/share/vm/prims/jvm.cpp, line 1502]
Event: 0.589 Thread 0x00007feec100f800 Exception <a 'java/security/PrivilegedActionException'> (0x0000000795b439e8) thrown at [/Volumes/Android/buildbot/src/googleplex-android/openjdk/out/hotspot/src/share/vm/prims/jvm.cpp, line 1502]

Events (10 events):
Event: 1.574 loading class com/badlogic/gdx/scenes/scene2d/InputListener$1
Event: 1.574 loading class com/badlogic/gdx/scenes/scene2d/InputListener$1 done
Event: 1.575 loading class org/lwjgl/opengl/GL14
Event: 1.575 loading class org/lwjgl/opengl/GL14 done
Event: 1.595 loading class org/lwjgl/opengl/Sync
Event: 1.595 loading class org/lwjgl/opengl/Sync done
Event: 1.596 loading class org/lwjgl/opengl/Sync$RunningAvg
Event: 1.596 loading class org/lwjgl/opengl/Sync$RunningAvg done
Event: 4.093 Executing VM operation: EnableBiasedLocking
Event: 4.094 Executing VM operation: EnableBiasedLocking done


Dynamic libraries:
0x00007ffdffdb2000 	/Library/Apple/usr/libexec/oah/runtime
0x00007fff3526c000 	/System/Library/Frameworks/Cocoa.framework/Versions/A/Cocoa
0x00007fff221a4000 	/System/Library/Frameworks/Security.framework/Versions/A/Security
0x00007fff334bb000 	/System/Library/Frameworks/ApplicationServices.framework/Versions/A/ApplicationServices
0x00007fff2a634000 	/usr/lib/libz.1.dylib
0x00007fff2a700000 	/usr/lib/libSystem.B.dylib
0x00007fff20439000 	/System/Library/Frameworks/CoreFoundation.framework/Versions/A/CoreFoundation
0x00007fff21118000 	/System/Library/Frameworks/Foundation.framework/Versions/C/Foundation
0x00007fff20258000 	/usr/lib/libobjc.A.dylib
0x00007fff22bc8000 	/System/Library/Frameworks/AppKit.framework/Versions/C/AppKit
0x00007fff25a77000 	/System/Library/Frameworks/CoreData.framework/Versions/A/CoreData
0x00007fff23925000 	/System/Library/PrivateFrameworks/UIFoundation.framework/Versions/A/UIFoundation
0x00007fff2fe9e000 	/System/Library/PrivateFrameworks/RemoteViewServices.framework/Versions/A/RemoteViewServices
0x00007fff28c50000 	/System/Library/PrivateFrameworks/XCTTargetBootstrap.framework/Versions/A/XCTTargetBootstrap
0x00007fff2b99d000 	/usr/lib/libspindump.dylib
0x00007fff23b79000 	/System/Library/Frameworks/UniformTypeIdentifiers.framework/Versions/A/UniformTypeIdentifiers
0x00007fff27422000 	/usr/lib/libapp_launch_measurement.dylib
0x00007fff27425000 	/System/Library/PrivateFrameworks/CoreAutoLayout.framework/Versions/A/CoreAutoLayout
0x00007fff285b1000 	/System/Library/Frameworks/Metal.framework/Versions/A/Metal
0x00007fff292a6000 	/usr/lib/liblangid.dylib
0x00007fff28c54000 	/System/Library/PrivateFrameworks/CoreSVG.framework/Versions/A/CoreSVG
0x00007fff24b60000 	/System/Library/PrivateFrameworks/SkyLight.framework/Versions/A/SkyLight
0x00007fff24ebf000 	/System/Library/Frameworks/CoreGraphics.framework/Versions/A/CoreGraphics
0x00007fff304f5000 	/System/Library/Frameworks/Accelerate.framework/Versions/A/Accelerate
0x00007fff2b3d8000 	/System/Library/PrivateFrameworks/IconServices.framework/Versions/A/IconServices
0x00007fff28592000 	/System/Library/Frameworks/IOSurface.framework/Versions/A/IOSurface
0x00007fff26409000 	/usr/lib/libDiagnosticMessagesClient.dylib
0x00007fff28c3c000 	/System/Library/PrivateFrameworks/DFRFoundation.framework/Versions/A/DFRFoundation
0x00007fff224f4000 	/usr/lib/libicucore.A.dylib
0x00007fff2ced8000 	/System/Library/Frameworks/AudioToolbox.framework/Versions/A/AudioToolbox
0x00007fff2c183000 	/System/Library/PrivateFrameworks/DataDetectorsCore.framework/Versions/A/DataDetectorsCore
0x00007fff2893c000 	/System/Library/Frameworks/Carbon.framework/Versions/A/Frameworks/HIToolbox.framework/Versions/A/HIToolbox
0x00007fff26e85000 	/System/Library/Frameworks/QuartzCore.framework/Versions/A/QuartzCore
0x00007fff2feda000 	/System/Library/Frameworks/Carbon.framework/Versions/A/Frameworks/SpeechRecognition.framework/Versions/A/SpeechRecognition
0x00007fff2718a000 	/System/Library/PrivateFrameworks/CoreUI.framework/Versions/A/CoreUI
0x00007fff21b00000 	/System/Library/Frameworks/CoreAudio.framework/Versions/A/CoreAudio
0x00007fff264f4000 	/System/Library/Frameworks/DiskArbitration.framework/Versions/A/DiskArbitration
0x00007fff2bd95000 	/System/Library/PrivateFrameworks/MultitouchSupport.framework/Versions/A/MultitouchSupport
0x00007fff2c17a000 	/System/Library/PrivateFrameworks/InternationalSupport.framework/Versions/A/InternationalSupport
0x00007fff24ad4000 	/usr/lib/libenergytrace.dylib
0x00007fff22ac2000 	/System/Library/Frameworks/IOKit.framework/Versions/A/IOKit
0x00007fff30227000 	/System/Library/Frameworks/CoreServices.framework/Versions/A/CoreServices
0x00007fff273b8000 	/System/Library/PrivateFrameworks/PerformanceAnalysis.framework/Versions/A/PerformanceAnalysis
0x00007fff6b71b000 	/System/Library/Frameworks/OpenGL.framework/Versions/A/OpenGL
0x00007fff2c1ff000 	/System/Library/PrivateFrameworks/UserActivity.framework/Versions/A/UserActivity
0x00007fff25579000 	/System/Library/Frameworks/ColorSync.framework/Versions/A/ColorSync
0x00007fff28ebf000 	/System/Library/Frameworks/CoreImage.framework/Versions/A/CoreImage
0x00007fff21916000 	/System/Library/Frameworks/CoreText.framework/Versions/A/CoreText
0x00007fff28c7e000 	/System/Library/Frameworks/ImageIO.framework/Versions/A/ImageIO
0x00007fff2a706000 	/System/Library/PrivateFrameworks/SoftLinking.framework/Versions/A/SoftLinking
0x00007fff2746e000 	/usr/lib/libxml2.2.dylib
0x00007fff2031e000 	/usr/lib/libc++.1.dylib
0x00007fff2a978000 	/usr/lib/libcompression.dylib
0x00007fff24ad5000 	/usr/lib/libMobileGestalt.dylib
0x00007fff2c0ad000 	/System/Library/PrivateFrameworks/TextureIO.framework/Versions/A/TextureIO
0x00007fff2b066000 	/usr/lib/libate.dylib
0x00007fff2a6fa000 	/usr/lib/system/libcache.dylib
0x00007fff2a6b6000 	/usr/lib/system/libcommonCrypto.dylib
0x00007fff2a6e0000 	/usr/lib/system/libcompiler_rt.dylib
0x00007fff2a6d5000 	/usr/lib/system/libcopyfile.dylib
0x00007fff2014a000 	/usr/lib/system/libcorecrypto.dylib
0x00007fff20213000 	/usr/lib/system/libdispatch.dylib
0x00007fff203c8000 	/usr/lib/system/libdyld.dylib
0x00007fff2a6f1000 	/usr/lib/system/libkeymgr.dylib
0x00007fff2dc87000 	/usr/lib/system/liblaunch.dylib
0x00007fff2a694000 	/usr/lib/system/libmacho.dylib
0x00007fff29eaa000 	/usr/lib/system/libquarantine.dylib
0x00007fff2a6ee000 	/usr/lib/system/libremovefile.dylib
0x00007fff24b31000 	/usr/lib/system/libsystem_asl.dylib
0x00007fff200fa000 	/usr/lib/system/libsystem_blocks.dylib
0x00007fff20295000 	/usr/lib/system/libsystem_c.dylib
0x00007fff2a6e8000 	/usr/lib/system/libsystem_collections.dylib
0x00007fff29297000 	/usr/lib/system/libsystem_configuration.dylib
0x00007fff28581000 	/usr/lib/system/libsystem_containermanager.dylib
0x00007fff2a42c000 	/usr/lib/system/libsystem_coreservices.dylib
0x00007fff22756000 	/usr/lib/system/libsystem_darwin.dylib
0x00007fff2a6f2000 	/usr/lib/system/libsystem_dnssd.dylib
0x00007fff20292000 	/usr/lib/system/libsystem_featureflags.dylib
0x00007fff2040d000 	/usr/lib/system/libsystem_info.dylib
0x00007fff2a647000 	/usr/lib/system/libsystem_m.dylib
0x00007fff201e6000 	/usr/lib/system/libsystem_malloc.dylib
0x00007fff24ac5000 	/usr/lib/system/libsystem_networkextension.dylib
0x00007fff22b70000 	/usr/lib/system/libsystem_notify.dylib
0x00007fff30125000 	/usr/lib/system/libsystem_product_info_filter.dylib
0x00007fff2929b000 	/usr/lib/system/libsystem_sandbox.dylib
0x00007fff2a6eb000 	/usr/lib/system/libsystem_secinit.dylib
0x00007fff2038d000 	/usr/lib/system/libsystem_kernel.dylib
0x00007fff20403000 	/usr/lib/system/libsystem_platform.dylib
0x00007fff203bc000 	/usr/lib/system/libsystem_pthread.dylib
0x00007fff26257000 	/usr/lib/system/libsystem_symptoms.dylib
0x00007fff20132000 	/usr/lib/system/libsystem_trace.dylib
0x00007fff2a6c2000 	/usr/lib/system/libunwind.dylib
0x00007fff200fc000 	/usr/lib/system/libxpc.dylib
0x00007fff20374000 	/usr/lib/libc++abi.dylib
0x00007fff2a6cd000 	/usr/lib/liboah.dylib
0x00007fff2ad91000 	/usr/lib/liblzma.5.dylib
0x00007fff20e2e000 	/System/Library/Frameworks/SystemConfiguration.framework/Versions/A/SystemConfiguration
0x00007fff2a702000 	/usr/lib/libfakelink.dylib
0x00007fff24627000 	/System/Library/Frameworks/CFNetwork.framework/Versions/A/CFNetwork
0x00007fff2a842000 	/usr/lib/libarchive.2.dylib
0x00007fff20eab000 	/usr/lib/libCRFSuite.dylib
0x00007fff29ed1000 	/usr/lib/libbsm.0.dylib
0x00007fff23fe3000 	/usr/lib/libnetwork.dylib
0x00007fff2a707000 	/usr/lib/libpcap.A.dylib
0x00007fff26250000 	/usr/lib/libdns_services.dylib
0x00007fff2adaa000 	/usr/lib/libcoretls_cfhelpers.dylib
0x00007fff2a946000 	/usr/lib/libapple_nghttp2.dylib
0x00007fff2a69a000 	/usr/lib/system/libkxld.dylib
0x00007fff25ebe000 	/usr/lib/libsqlite3.dylib
0x00007fff2a40e000 	/System/Library/PrivateFrameworks/AppleFSCompression.framework/Versions/A/AppleFSCompression
0x00007fff29eb9000 	/usr/lib/libcoretls.dylib
0x00007fff2a973000 	/usr/lib/libpam.2.dylib
0x00007fff2aea7000 	/usr/lib/libxar.1.dylib
0x00007fff292a2000 	/System/Library/PrivateFrameworks/AppleSystemInfo.framework/Versions/A/AppleSystemInfo
0x00007fff29afc000 	/System/Library/PrivateFrameworks/IOMobileFramebuffer.framework/Versions/A/IOMobileFramebuffer
0x00007fff2a41e000 	/usr/lib/libbz2.1.0.dylib
0x00007fff2a73f000 	/usr/lib/libiconv.2.dylib
0x00007fff2a693000 	/usr/lib/libcharset.1.dylib
0x00007fff273f4000 	/System/Library/Frameworks/CoreServices.framework/Versions/A/Frameworks/FSEvents.framework/Versions/A/FSEvents
0x00007fff22760000 	/System/Library/Frameworks/CoreServices.framework/Versions/A/Frameworks/CarbonCore.framework/Versions/A/CarbonCore
0x00007fff26459000 	/System/Library/Frameworks/CoreServices.framework/Versions/A/Frameworks/Metadata.framework/Versions/A/Metadata
0x00007fff2a431000 	/System/Library/Frameworks/CoreServices.framework/Versions/A/Frameworks/OSServices.framework/Versions/A/OSServices
0x00007fff2a8b4000 	/System/Library/Frameworks/CoreServices.framework/Versions/A/Frameworks/SearchKit.framework/Versions/A/SearchKit
0x00007fff261da000 	/System/Library/Frameworks/CoreServices.framework/Versions/A/Frameworks/AE.framework/Versions/A/AE
0x00007fff208d5000 	/System/Library/Frameworks/CoreServices.framework/Versions/A/Frameworks/LaunchServices.framework/Versions/A/LaunchServices
0x00007fff2ad42000 	/System/Library/Frameworks/CoreServices.framework/Versions/A/Frameworks/DictionaryServices.framework/Versions/A/DictionaryServices
0x00007fff273fd000 	/System/Library/Frameworks/CoreServices.framework/Versions/A/Frameworks/SharedFileList.framework/Versions/A/SharedFileList
0x00007fff29ead000 	/usr/lib/libCheckFix.dylib
0x00007fff24b48000 	/System/Library/PrivateFrameworks/TCC.framework/Versions/A/TCC
0x00007fff292a8000 	/System/Library/PrivateFrameworks/CoreNLP.framework/Versions/A/CoreNLP
0x00007fff2640c000 	/System/Library/PrivateFrameworks/MetadataUtilities.framework/Versions/A/MetadataUtilities
0x00007fff20ee1000 	/usr/lib/libmecabra.dylib
0x00007fff2a1c1000 	/System/Library/Frameworks/MLCompute.framework/Versions/A/MLCompute
0x00007fff29ee2000 	/usr/lib/libmecab.dylib
0x00007fff29f2c000 	/usr/lib/libgermantok.dylib
0x00007fff2a91c000 	/usr/lib/libThaiTokenizer.dylib
0x00007fff2aee2000 	/usr/lib/libChineseTokenizer.dylib
0x00007fff2a971000 	/System/Library/Frameworks/MetalPerformanceShaders.framework/Versions/A/MetalPerformanceShaders
0x00007fff264fb000 	/System/Library/Frameworks/Accelerate.framework/Versions/A/Frameworks/vImage.framework/Versions/A/vImage
0x00007fff30200000 	/System/Library/Frameworks/Accelerate.framework/Versions/A/Frameworks/vecLib.framework/Versions/A/vecLib
0x00007fff2aeed000 	/System/Library/Frameworks/Accelerate.framework/Versions/A/Frameworks/vecLib.framework/Versions/A/libvMisc.dylib
0x00007fff29958000 	/System/Library/Frameworks/Accelerate.framework/Versions/A/Frameworks/vecLib.framework/Versions/A/libvDSP.dylib
0x00007fff20bd8000 	/System/Library/Frameworks/Accelerate.framework/Versions/A/Frameworks/vecLib.framework/Versions/A/libBLAS.dylib
0x00007fff2a997000 	/System/Library/Frameworks/Accelerate.framework/Versions/A/Frameworks/vecLib.framework/Versions/A/libLAPACK.dylib
0x00007fff29f32000 	/System/Library/Frameworks/Accelerate.framework/Versions/A/Frameworks/vecLib.framework/Versions/A/libLinearAlgebra.dylib
0x00007fff2a95e000 	/System/Library/Frameworks/Accelerate.framework/Versions/A/Frameworks/vecLib.framework/Versions/A/libSparseBLAS.dylib
0x00007fff2a991000 	/System/Library/Frameworks/Accelerate.framework/Versions/A/Frameworks/vecLib.framework/Versions/A/libQuadrature.dylib
0x00007fff29350000 	/System/Library/Frameworks/Accelerate.framework/Versions/A/Frameworks/vecLib.framework/Versions/A/libBNNS.dylib
0x00007fff20dbf000 	/System/Library/Frameworks/Accelerate.framework/Versions/A/Frameworks/vecLib.framework/Versions/A/libSparse.dylib
0x00007fff2923b000 	/System/Library/Frameworks/MetalPerformanceShaders.framework/Versions/A/Frameworks/MPSCore.framework/Versions/A/MPSCore
0x00007fff2a37d000 	/System/Library/Frameworks/MetalPerformanceShaders.framework/Versions/A/Frameworks/MPSImage.framework/Versions/A/MPSImage
0x00007fff29f49000 	/System/Library/Frameworks/MetalPerformanceShaders.framework/Versions/A/Frameworks/MPSNeuralNetwork.framework/Versions/A/MPSNeuralNetwork
0x00007fff2a308000 	/System/Library/Frameworks/MetalPerformanceShaders.framework/Versions/A/Frameworks/MPSMatrix.framework/Versions/A/MPSMatrix
0x00007fff2a171000 	/System/Library/Frameworks/MetalPerformanceShaders.framework/Versions/A/Frameworks/MPSRayIntersector.framework/Versions/A/MPSRayIntersector
0x00007fff2a33f000 	/System/Library/Frameworks/MetalPerformanceShaders.framework/Versions/A/Frameworks/MPSNDArray.framework/Versions/A/MPSNDArray
0x00007fff20b04000 	/System/Library/PrivateFrameworks/MetalTools.framework/Versions/A/MetalTools
0x00007fff292a0000 	/System/Library/PrivateFrameworks/AggregateDictionary.framework/Versions/A/AggregateDictionary
0x00007fff263e4000 	/System/Library/PrivateFrameworks/CoreAnalytics.framework/Versions/A/CoreAnalytics
0x00007fff2a91e000 	/System/Library/PrivateFrameworks/AppleSauce.framework/Versions/A/AppleSauce
0x00007fff285a4000 	/System/Library/PrivateFrameworks/IOAccelerator.framework/Versions/A/IOAccelerator
0x00007fff6b70f000 	/System/Library/Frameworks/OpenGL.framework/Versions/A/Libraries/libCoreFSCache.dylib
0x00007fff2147c000 	/System/Library/PrivateFrameworks/LanguageModeling.framework/Versions/A/LanguageModeling
0x00007fff29ae9000 	/System/Library/PrivateFrameworks/CoreEmoji.framework/Versions/A/CoreEmoji
0x00007fff29349000 	/System/Library/PrivateFrameworks/LinguisticData.framework/Versions/A/LinguisticData
0x00007fff20d71000 	/System/Library/PrivateFrameworks/Lexicon.framework/Versions/A/Lexicon
0x00007fff2a830000 	/usr/lib/libcmph.dylib
0x00007fff273d4000 	/System/Library/Frameworks/OpenDirectory.framework/Versions/A/Frameworks/CFOpenDirectory.framework/Versions/A/CFOpenDirectory
0x00007fff273c4000 	/System/Library/Frameworks/OpenDirectory.framework/Versions/A/OpenDirectory
0x00007fff2adac000 	/System/Library/PrivateFrameworks/APFS.framework/Versions/A/APFS
0x00007fff29e0e000 	/System/Library/Frameworks/SecurityFoundation.framework/Versions/A/SecurityFoundation
0x00007fff2aeb5000 	/usr/lib/libutil.dylib
0x00007fff22a87000 	/System/Library/PrivateFrameworks/CoreServicesStore.framework/Versions/A/CoreServicesStore
0x00007fff29ea5000 	/System/Library/Frameworks/ServiceManagement.framework/Versions/A/ServiceManagement
0x00007fff2aeb9000 	/usr/lib/libxslt.1.dylib
0x00007fff29e9b000 	/System/Library/PrivateFrameworks/BackgroundTaskManagement.framework/Versions/A/BackgroundTaskManagement
0x00007fff2bff8000 	/System/Library/Frameworks/ImageIO.framework/Versions/A/Resources/libRadiance.dylib
0x00007fff2c001000 	/System/Library/Frameworks/ImageIO.framework/Versions/A/Resources/libJPEG.dylib
0x00007fff2bf4f000 	/System/Library/Frameworks/ImageIO.framework/Versions/A/Resources/libPng.dylib
0x00007fff2bf76000 	/System/Library/Frameworks/ImageIO.framework/Versions/A/Resources/libTIFF.dylib
0x00007fff2c056000 	/System/Library/Frameworks/ImageIO.framework/Versions/A/Resources/libGIF.dylib
0x00007fff2bcb3000 	/System/Library/Frameworks/ImageIO.framework/Versions/A/Resources/libJP2.dylib
0x00007fff2b39f000 	/usr/lib/libexpat.1.dylib
0x00007fff2bc69000 	/System/Library/PrivateFrameworks/AppleJPEG.framework/Versions/A/AppleJPEG
0x00007fff287df000 	/System/Library/PrivateFrameworks/FontServices.framework/libFontParser.dylib
0x00007fff2618e000 	/System/Library/PrivateFrameworks/RunningBoardServices.framework/Versions/A/RunningBoardServices
0x00007fff2bd91000 	/System/Library/PrivateFrameworks/WatchdogClient.framework/Versions/A/WatchdogClient
0x00007fff21569000 	/System/Library/Frameworks/CoreDisplay.framework/Versions/A/CoreDisplay
0x00007fff286f4000 	/System/Library/Frameworks/CoreMedia.framework/Versions/A/CoreMedia
0x00007fff27551000 	/System/Library/Frameworks/CoreVideo.framework/Versions/A/CoreVideo
0x00007fff2bdc9000 	/System/Library/Frameworks/VideoToolbox.framework/Versions/A/VideoToolbox
0x00007fff2610c000 	/System/Library/PrivateFrameworks/BaseBoard.framework/Versions/A/BaseBoard
0x00007fff2b4e4000 	/System/Library/PrivateFrameworks/PersistentConnection.framework/Versions/A/PersistentConnection
0x00007fff25ea7000 	/System/Library/PrivateFrameworks/ProtocolBuffer.framework/Versions/A/ProtocolBuffer
0x00007fff260f3000 	/System/Library/PrivateFrameworks/CommonUtilities.framework/Versions/A/CommonUtilities
0x00007fff2bbfe000 	/System/Library/PrivateFrameworks/Bom.framework/Versions/A/Bom
0x00007fff2bff1000 	/System/Library/PrivateFrameworks/GPUWrangler.framework/Versions/A/GPUWrangler
0x00007fff2bfd4000 	/System/Library/PrivateFrameworks/IOPresentment.framework/Versions/A/IOPresentment
0x00007fff2bffb000 	/System/Library/PrivateFrameworks/DSExternalDisplay.framework/Versions/A/DSExternalDisplay
0x00007fff2c05b000 	/System/Library/PrivateFrameworks/CMCaptureCore.framework/Versions/A/CMCaptureCore
0x00007fff2b984000 	/System/Library/PrivateFrameworks/AppServerSupport.framework/Versions/A/AppServerSupport
0x00007fff2da28000 	/System/Library/PrivateFrameworks/perfdata.framework/Versions/A/perfdata
0x00007fff29dfd000 	/System/Library/PrivateFrameworks/AssertionServices.framework/Versions/A/AssertionServices
0x00007fff216a0000 	/System/Library/PrivateFrameworks/AudioToolboxCore.framework/Versions/A/AudioToolboxCore
0x00007fff286d7000 	/System/Library/PrivateFrameworks/caulk.framework/Versions/A/caulk
0x00007fff3ccc2000 	/System/Library/PrivateFrameworks/SystemPolicy.framework/Versions/A/SystemPolicy
0x00007fff2b195000 	/usr/lib/libIOReport.dylib
0x00007fff2d24a000 	/usr/lib/libSMC.dylib
0x00007fff2bf1c000 	/usr/lib/libAudioToolboxUtility.dylib
0x00007fff3d627000 	/usr/lib/libmis.dylib
0x00007fff6b76b000 	/System/Library/Frameworks/OpenGL.framework/Versions/A/Libraries/libGLU.dylib
0x00007fff6b72e000 	/System/Library/Frameworks/OpenGL.framework/Versions/A/Libraries/libGFXShared.dylib
0x00007fff6b93d000 	/System/Library/Frameworks/OpenGL.framework/Versions/A/Libraries/libGL.dylib
0x00007fff6b737000 	/System/Library/Frameworks/OpenGL.framework/Versions/A/Libraries/libGLImage.dylib
0x00007fff6b72b000 	/System/Library/Frameworks/OpenGL.framework/Versions/A/Libraries/libCVMSPluginSupport.dylib
0x00007fff6b716000 	/System/Library/Frameworks/OpenGL.framework/Versions/A/Libraries/libCoreVMClient.dylib
0x00007fff6cd7e000 	/System/Library/Frameworks/OpenCL.framework/Versions/A/OpenCL
0x00007fff2b50e000 	/System/Library/PrivateFrameworks/GraphVisualizer.framework/Versions/A/GraphVisualizer
0x00007fff2b51d000 	/System/Library/PrivateFrameworks/FaceCore.framework/Versions/A/FaceCore
0x00007fff2b939000 	/System/Library/PrivateFrameworks/OTSVG.framework/Versions/A/OTSVG
0x00007fff27148000 	/System/Library/Frameworks/ApplicationServices.framework/Versions/A/Frameworks/ATS.framework/Versions/A/Resources/libFontRegistry.dylib
0x00007fff2b98b000 	/System/Library/PrivateFrameworks/FontServices.framework/libhvf.dylib
0x00007fff2b34b000 	/System/Library/PrivateFrameworks/AppleVA.framework/Versions/A/AppleVA
0x00007fff2d093000 	/System/Library/Frameworks/ApplicationServices.framework/Versions/A/Frameworks/ATS.framework/Versions/A/ATS
0x00007fff2d3a5000 	/System/Library/Frameworks/ApplicationServices.framework/Versions/A/Frameworks/ColorSyncLegacy.framework/Versions/A/ColorSyncLegacy
0x00007fff25670000 	/System/Library/Frameworks/ApplicationServices.framework/Versions/A/Frameworks/HIServices.framework/Versions/A/HIServices
0x00007fff2d38a000 	/System/Library/Frameworks/ApplicationServices.framework/Versions/A/Frameworks/LangAnalysis.framework/Versions/A/LangAnalysis
0x00007fff2c065000 	/System/Library/Frameworks/ApplicationServices.framework/Versions/A/Frameworks/PrintCore.framework/Versions/A/PrintCore
0x00007fff2d3ad000 	/System/Library/Frameworks/ApplicationServices.framework/Versions/A/Frameworks/QD.framework/Versions/A/QD
0x00007fff2d083000 	/System/Library/Frameworks/ApplicationServices.framework/Versions/A/Frameworks/SpeechSynthesis.framework/Versions/A/SpeechSynthesis
0x00007fff2c026000 	/System/Library/Frameworks/ApplicationServices.framework/Versions/A/Frameworks/ATSUI.framework/Versions/A/ATSUI
0x00007fff2d32a000 	/usr/lib/libcups.2.dylib
0x00007fff2d39a000 	/System/Library/PrivateFrameworks/NetAuth.framework/Versions/A/NetAuth
0x00007fff2da44000 	/System/Library/Frameworks/Kerberos.framework/Versions/A/Kerberos
0x00007fff2da54000 	/System/Library/Frameworks/GSS.framework/Versions/A/GSS
0x00007fff2d0ff000 	/usr/lib/libresolv.9.dylib
0x00007fff2b9a0000 	/System/Library/PrivateFrameworks/Heimdal.framework/Versions/A/Heimdal
0x00007fff337bb000 	/System/Library/Frameworks/Kerberos.framework/Versions/A/Libraries/libHeimdalProxy.dylib
0x00007fff2625f000 	/System/Library/Frameworks/Network.framework/Versions/A/Network
0x00007fff2b3b9000 	/usr/lib/libheimdal-asn1.dylib
0x00007fff2daa4000 	/System/Library/PrivateFrameworks/CommonAuth.framework/Versions/A/CommonAuth
0x00007fff2759e000 	/System/Library/PrivateFrameworks/login.framework/Versions/A/Frameworks/loginsupport.framework/Versions/A/loginsupport
0x00007fff2d008000 	/System/Library/PrivateFrameworks/AudioSession.framework/Versions/A/AudioSession
0x00007fff2d070000 	/usr/lib/libAudioStatistics.dylib
0x00007fff2b446000 	/System/Library/PrivateFrameworks/MediaExperience.framework/Versions/A/MediaExperience
0x00007fff2cea6000 	/System/Library/PrivateFrameworks/AudioSession.framework/libSessionUtility.dylib
0x00007fff2da35000 	/usr/lib/libperfcheck.dylib
0x00007fff2d3b9000 	/System/Library/PrivateFrameworks/AudioResourceArbitration.framework/Versions/A/AudioResourceArbitration
0x00007fff2b3c3000 	/System/Library/PrivateFrameworks/IconFoundation.framework/Versions/A/IconFoundation
0x00007fff2feca000 	/System/Library/PrivateFrameworks/SpeechRecognitionCore.framework/Versions/A/SpeechRecognitionCore
0x000000010d000000 	/Applications/Android Studio.app/Contents/jre/jdk/Contents/Home/jre/lib/server/libjvm.dylib
0x00007fff78a41000 	/usr/lib/libstdc++.6.dylib
0x0000000108dfd000 	/Applications/Android Studio.app/Contents/jre/jdk/Contents/Home/jre/lib/libverify.dylib
0x0000000108e24000 	/Applications/Android Studio.app/Contents/jre/jdk/Contents/Home/jre/lib/libjava.dylib
0x0000000108f07000 	/Applications/Android Studio.app/Contents/jre/jdk/Contents/Home/jre/lib/libzip.dylib
0x00000001253f3000 	/Applications/Android Studio.app/Contents/jre/jdk/Contents/Home/jre/lib/libnio.dylib
0x000000012542a000 	/Applications/Android Studio.app/Contents/jre/jdk/Contents/Home/jre/lib/libnet.dylib
0x000000012551f000 	/private/var/folders/8h/dl54vxxj17jb0qklkmmjwc080000gn/T/libgdxsolveiggrimstad/5f446c54/libgdx64.dylib
0x0000000125601000 	/Applications/Android Studio.app/Contents/jre/jdk/Contents/Home/jre/lib/libawt.dylib
0x0000000125770000 	/Applications/Android Studio.app/Contents/jre/jdk/Contents/Home/jre/lib/libmlib_image.dylib
0x00007fff6e7a2000 	/System/Library/Frameworks/JavaNativeFoundation.framework/Versions/A/JavaNativeFoundation
0x00007fff6e7ae000 	/System/Library/Frameworks/JavaRuntimeSupport.framework/Versions/A/JavaRuntimeSupport
0x00007fff3ca44000 	/System/Library/Frameworks/Carbon.framework/Versions/A/Carbon
0x00007fff31eaa000 	/System/Library/PrivateFrameworks/CoreSymbolication.framework/Versions/A/CoreSymbolication
0x00007fff366aa000 	/System/Library/Frameworks/Carbon.framework/Versions/A/Frameworks/CommonPanels.framework/Versions/A/CommonPanels
0x00007fff3327a000 	/System/Library/Frameworks/Carbon.framework/Versions/A/Frameworks/Help.framework/Versions/A/Help
0x00007fff366ae000 	/System/Library/Frameworks/Carbon.framework/Versions/A/Frameworks/ImageCapture.framework/Versions/A/ImageCapture
0x00007fff36686000 	/System/Library/Frameworks/Carbon.framework/Versions/A/Frameworks/OpenScripting.framework/Versions/A/OpenScripting
0x00007fff366a6000 	/System/Library/Frameworks/Carbon.framework/Versions/A/Frameworks/Ink.framework/Versions/A/Ink
0x00007fff3ca40000 	/System/Library/Frameworks/Carbon.framework/Versions/A/Frameworks/Print.framework/Versions/A/Print
0x00007fff366a2000 	/System/Library/Frameworks/Carbon.framework/Versions/A/Frameworks/SecurityHI.framework/Versions/A/SecurityHI
0x00007fff31e6d000 	/System/Library/PrivateFrameworks/DebugSymbols.framework/Versions/A/DebugSymbols
0x0000000125926000 	/Applications/Android Studio.app/Contents/jre/jdk/Contents/Home/jre/lib/libawt_lwawt.dylib
0x0000000125afb000 	/Applications/Android Studio.app/Contents/jre/jdk/Contents/Home/jre/lib/libosxapp.dylib
0x00007fff3c0cc000 	/System/Library/Frameworks/ExceptionHandling.framework/Versions/A/ExceptionHandling
0x00007fff22a48000 	/System/Library/PrivateFrameworks/CoreServicesInternal.framework/Versions/A/CoreServicesInternal
0x00007fff313d0000 	/System/Library/Frameworks/FileProvider.framework/Versions/A/FileProvider
0x00007fff26076000 	/System/Library/Frameworks/Accounts.framework/Versions/A/Accounts
0x00007fff314f1000 	/System/Library/PrivateFrameworks/GenerationalStorage.framework/Versions/A/GenerationalStorage
0x00007fff30def000 	/System/Library/PrivateFrameworks/SymptomDiagnosticReporter.framework/Versions/A/SymptomDiagnosticReporter
0x00007fff2e6e1000 	/System/Library/PrivateFrameworks/AppContainer.framework/Versions/A/AppContainer
0x00007fff23b8c000 	/System/Library/PrivateFrameworks/DesktopServicesPriv.framework/Versions/A/DesktopServicesPriv
0x00007fff22b7c000 	/usr/lib/libsandbox.1.dylib
0x00007fff275ca000 	/System/Library/PrivateFrameworks/UserManagement.framework/Versions/A/UserManagement
0x00007fff29dda000 	/System/Library/PrivateFrameworks/MobileKeyBag.framework/Versions/A/MobileKeyBag
0x00007fff34826000 	/System/Library/PrivateFrameworks/ChunkingLibrary.framework/Versions/A/ChunkingLibrary
0x00007fff2e6f6000 	/System/Library/PrivateFrameworks/SecCodeWrapper.framework/Versions/A/SecCodeWrapper
0x00007fff2b19d000 	/System/Library/PrivateFrameworks/CrashReporterSupport.framework/Versions/A/CrashReporterSupport
0x00007fff47ac1000 	/System/Library/PrivateFrameworks/OSAnalytics.framework/Versions/A/OSAnalytics
0x00007fff7832d000 	/usr/lib/libRosetta.dylib
0x00007fff3320b000 	/System/Library/PrivateFrameworks/RemoteServiceDiscovery.framework/Versions/A/RemoteServiceDiscovery
0x00007fff51591000 	/System/Library/PrivateFrameworks/Symbolication.framework/Versions/A/Symbolication
0x00007fff3321b000 	/System/Library/PrivateFrameworks/RemoteXPC.framework/Versions/A/RemoteXPC
0x00007fff39510000 	/System/Library/PrivateFrameworks/OSAServicesClient.framework/Versions/A/OSAServicesClient
0x00007fff3d606000 	/System/Library/PrivateFrameworks/MallocStackLogging.framework/Versions/A/MallocStackLogging
0x00007fff2e479000 	/System/Library/PrivateFrameworks/Sharing.framework/Versions/A/Sharing
0x00007fff32de8000 	/System/Library/PrivateFrameworks/Apple80211.framework/Versions/A/Apple80211
0x00007fff2a45f000 	/System/Library/PrivateFrameworks/AuthKit.framework/Versions/A/AuthKit
0x00007fff29bda000 	/System/Library/PrivateFrameworks/CoreUtils.framework/Versions/A/CoreUtils
0x00007fff29b07000 	/System/Library/Frameworks/CoreWLAN.framework/Versions/A/CoreWLAN
0x00007fff2e5c0000 	/System/Library/Frameworks/IOBluetooth.framework/Versions/A/IOBluetooth
0x00007fff32e4c000 	/System/Library/PrivateFrameworks/CoreWiFi.framework/Versions/A/CoreWiFi
0x00007fff2db2a000 	/System/Library/PrivateFrameworks/CorePhoneNumbers.framework/Versions/A/CorePhoneNumbers
0x00007fff30ef7000 	/System/Library/PrivateFrameworks/DiskManagement.framework/Versions/A/DiskManagement
0x00007fff30e0d000 	/System/Library/PrivateFrameworks/AppleIDAuthSupport.framework/Versions/A/AppleIDAuthSupport
0x00007fff2db07000 	/System/Library/PrivateFrameworks/KeychainCircle.framework/Versions/A/KeychainCircle
0x00007fff30ec3000 	/System/Library/PrivateFrameworks/MediaKit.framework/Versions/A/MediaKit
0x00007fff30e1a000 	/System/Library/Frameworks/DiscRecording.framework/Versions/A/DiscRecording
0x00007fff2b2bf000 	/usr/lib/libCoreStorage.dylib
0x00007fff33286000 	/usr/lib/libcsfde.dylib
0x00007fff2e6fa000 	/System/Library/PrivateFrameworks/ProtectedCloudStorage.framework/Versions/A/ProtectedCloudStorage
0x00007fff3327e000 	/System/Library/PrivateFrameworks/EFILogin.framework/Versions/A/EFILogin
0x00007fff3386e000 	/System/Library/Frameworks/AudioUnit.framework/Versions/A/AudioUnit
0x00007fff30d59000 	/System/Library/Frameworks/CoreBluetooth.framework/Versions/A/CoreBluetooth
0x00007fff2b2b7000 	/usr/lib/libMatch.1.dylib
0x00007fff437e3000 	/System/Library/CoreServices/RawCamera.bundle/Contents/MacOS/RawCamera
0x00007fff2dab5000 	/System/Library/PrivateFrameworks/MobileAsset.framework/Versions/A/MobileAsset
0x00007fff33893000 	/System/Library/PrivateFrameworks/StreamingZip.framework/Versions/A/StreamingZip
0x00007fff2c25e000 	/System/Library/Frameworks/MediaToolbox.framework/Versions/A/MediaToolbox
0x00007fff313a2000 	/System/Library/PrivateFrameworks/CoreAVCHD.framework/Versions/A/CoreAVCHD
0x00007fff30536000 	/System/Library/Frameworks/MediaAccessibility.framework/Versions/A/MediaAccessibility
0x00007fff3139e000 	/System/Library/PrivateFrameworks/Mangrove.framework/Versions/A/Mangrove
0x00007fff30542000 	/System/Library/PrivateFrameworks/AlgosScoreFramework.framework/Versions/A/AlgosScoreFramework
0x00007fff31d5d000 	/System/Library/PrivateFrameworks/AppleVPA.framework/Versions/A/AppleVPA
0x00007fff30fe3000 	/System/Library/PrivateFrameworks/CoreAUC.framework/Versions/A/CoreAUC
0x00007fff411db000 	/System/Library/Frameworks/Accelerate.framework/Versions/A/Frameworks/vImage.framework/Versions/A/Libraries/libCGInterfaces.dylib
0x000000012814f000 	/usr/lib/libobjc-trampolines.dylib
0x00007fff272cc000 	/System/Library/PrivateFrameworks/ViewBridge.framework/Versions/A/ViewBridge
0x000000012a746000 	/Applications/Android Studio.app/Contents/jre/jdk/Contents/Home/jre/lib/libfontmanager.dylib
0x000000012a960000 	/Applications/Android Studio.app/Contents/jre/jdk/Contents/Home/jre/lib/libfreetype.dylib.6
0x000000012ab8d000 	/private/var/folders/8h/dl54vxxj17jb0qklkmmjwc080000gn/T/libgdxsolveiggrimstad/f7649394/liblwjgl.dylib
0x0000000128fad000 	/Applications/Android Studio.app/Contents/jre/jdk/Contents/Home/jre/lib/libjawt.dylib
0x000000012ac90000 	/private/var/folders/8h/dl54vxxj17jb0qklkmmjwc080000gn/T/libgdxsolveiggrimstad/f7649394/openal.dylib
0x000000012ad5b000 	/System/Library/Components/CoreAudio.component/Contents/MacOS/CoreAudio
0x00007fff6b948000 	/System/Library/Frameworks/OpenGL.framework/Versions/A/Resources/GLEngine.bundle/GLEngine
0x00007fff6b7a8000 	/System/Library/Frameworks/OpenGL.framework/Versions/A/Libraries/libGLProgrammability.dylib
0x000000012b1bc000 	/System/Library/Extensions/AppleMetalGLRenderer.bundle/Contents/MacOS/AppleMetalGLRenderer
0x00007fff6bac4000 	/System/Library/Frameworks/OpenGL.framework/Versions/A/Resources/GLRendererFloat.bundle/GLRendererFloat
0x000000012b312000 	/System/Library/Extensions/AGXMetal13_3.bundle/Contents/MacOS/AGXMetal13_3
0x00007fff38875000 	/System/Library/PrivateFrameworks/IOGPU.framework/Versions/A/IOGPU
0x00007fff692a1000 	/System/Library/PrivateFrameworks/GPUCompiler.framework/Versions/31001/Libraries/libmetal_timestamp.dylib
0x00007fff2ba61000 	/System/Library/PrivateFrameworks/login.framework/Versions/A/login

VM Arguments:
jvm_args: -Dfile.encoding=UTF-8 -Duser.country=NO -Duser.language=nb -Duser.variant 
java_command: com.zebra.game.desktop.DesktopLauncher
java_class_path (initial): /Users/solveiggrimstad/Documents/ProZebra/gruppe5/desktop/build/classes/java/main:/Users/solveiggrimstad/Documents/ProZebra/gruppe5/desktop/build/resources/main:/Users/solveiggrimstad/.gradle/caches/modules-2/files-2.1/com.badlogicgames.gdx/gdx-backend-lwjgl/1.9.13/ed6e70cf224ad7d8cfa8e1b3f0e97760a8125e90/gdx-backend-lwjgl-1.9.13.jar:/Users/solveiggrimstad/.gradle/caches/modules-2/files-2.1/com.badlogicgames.gdx/gdx-platform/1.9.13/36e453b8ebdf004e7ebbc8b0b23549316371c82/gdx-platform-1.9.13-natives-desktop.jar:/Users/solveiggrimstad/.gradle/caches/modules-2/files-2.1/com.badlogicgames.gdx/gdx-box2d-platform/1.9.13/ce1d100ee60a6c5f1f14a15be8f44e5de478bc7b/gdx-box2d-platform-1.9.13-natives-desktop.jar:/Users/solveiggrimstad/Documents/ProZebra/gruppe5/core/build/libs/core-1.0.jar:/Users/solveiggrimstad/.gradle/caches/modules-2/files-2.1/com.badlogicgames.gdx/gdx-box2d/1.9.13/11d01da43038e0b123f7f7187abc762a26e7a7bf/gdx-box2d-1.9.13.jar:/Users/solveiggrimstad/.gradle/caches/modules-2/files-2.1/com.badlogicgames.gdx/gdx/1.9.13/3a246302e97759c7d171678db765cd5521af0cd9/gdx-1.9.13.jar:/Users/solveiggrimstad/.gradle/caches/modules-2/files-2.1/org.lwjgl.lwjgl/lwjgl_util/2.9.3/751f06b62424da056954c67288fd5c494431e350/lwjgl_util-2.9.3.jar:/Users/solveiggrimstad/.gradle/caches/modules-2/files-2.1/org.lwjgl.lwjgl/lwjgl/2.9.3/3df168ac74e4a8c96562cdff24ad352e255bf89c/lwjgl-2.9.3.jar:/Users/solveiggrimstad/.gradle/caches/modules-2/files-2.1/com.badlogicgames.jlayer/jlayer/1.0.1-gdx/7cca83cec5c1b2f011362f4d85aabd71a73b049d/jlayer-1.0.1-gdx.jar:/Users/solveiggrimstad/.gradle/caches/modules-2/files-2.1/org.jcraft/jorbis/0.0.17/8872d22b293e8f5d7d56ff92be966e6dc28ebdc6/jorbis-0.0.17.jar:/Users/solveiggrimstad/.gradle/caches/modules-2/files-2.1/org.lwjgl.lwjgl/lwjgl-platform/2.9.3/fbc2afb3e288578e9942578decb6291a490549a0/lwjgl-platform-2.9.3-natives-windows.jar:/Users/solveiggrimstad/.gradle/caches/modules-2/files-2.1/org.lwjgl.lwjgl/lwjgl-platform/2.9.3/b1eaf
Launcher Type: SUN_STANDARD

Environment Variables:
PATH=/usr/local/bin:/usr/bin:/bin:/usr/sbin:/sbin:/Library/Apple/usr/bin
SHELL=/bin/zsh

Signal Handlers:
SIGSEGV: [libjvm.dylib+0x565c43], sa_mask[0]=11111111111111111111111111111111, sa_flags=SA_ONSTACK|SA_RESTART|SA_SIGINFO
SIGBUS: [libjvm.dylib+0x565c43], sa_mask[0]=11111111111111111111111111111111, sa_flags=SA_RESTART|SA_SIGINFO
SIGFPE: [libjvm.dylib+0x45dd9d], sa_mask[0]=11111111111111111111111111111111, sa_flags=SA_RESTART|SA_SIGINFO
SIGPIPE: [libjvm.dylib+0x45dd9d], sa_mask[0]=11111111111111111111111111111111, sa_flags=SA_RESTART|SA_SIGINFO
SIGXFSZ: [libjvm.dylib+0x45dd9d], sa_mask[0]=11111111111111111111111111111111, sa_flags=SA_RESTART|SA_SIGINFO
SIGILL: [libjvm.dylib+0x45dd9d], sa_mask[0]=11111111111111111111111111111111, sa_flags=SA_RESTART|SA_SIGINFO
SIGUSR1: SIG_DFL, sa_mask[0]=00000000000000000000000000000000, sa_flags=none
SIGUSR2: [libjvm.dylib+0x45e69c], sa_mask[0]=00100000000000000000000000000000, sa_flags=SA_RESTART|SA_SIGINFO
SIGHUP: [libjvm.dylib+0x45c8c1], sa_mask[0]=11111111111111111111111111111111, sa_flags=SA_RESTART|SA_SIGINFO
SIGINT: [libjvm.dylib+0x45c8c1], sa_mask[0]=11111111111111111111111111111111, sa_flags=SA_RESTART|SA_SIGINFO
SIGTERM: [libjvm.dylib+0x45c8c1], sa_mask[0]=11111111111111111111111111111111, sa_flags=SA_RESTART|SA_SIGINFO
SIGQUIT: [libjvm.dylib+0x45c8c1], sa_mask[0]=11111111111111111111111111111111, sa_flags=SA_RESTART|SA_SIGINFO


---------------  S Y S T E M  ---------------

OS:Bsduname:Darwin 20.1.0 Darwin Kernel Version 20.1.0: Sat Oct 31 00:07:10 PDT 2020; root:xnu-7195.50.7~2/RELEASE_ARM64_T8101 x86_64
rlimit: STACK 8176k, CORE 0k, NPROC 1333, NOFILE 10240, AS infinity
load average:2.40 2.62 2.38

CPU:total 8 (initial active 8) (1 cores per cpu, 1 threads per core) family 6 model 44 stepping 0, cmov, cx8, fxsr, mmx, sse, sse2, sse3, ssse3, sse4.1, sse4.2, popcnt, aes, clmul, tsc, tscinvbit, tscinv

Memory: 4k page, physical 8388608k(36392k free)

/proc/meminfo:


vm_info: OpenJDK 64-Bit Server VM (25.242-b3-6915495) for bsd-amd64 JRE (1.8.0_242-release-1644-b3-6915495), built by "android-build" with gcc 4.2.1 Compatible Android (5484270 based on r353983c) Clang 9.0.3 (https://android.googlesource.com/toolchain/clang 745b335211bb9eadfa6aa6301f84715cee4b37c5) (https://android.googlesource.com/toolchain/llvm 60cf23e54e46c807513f7a36d0a7b777920b5881)

time: Wed Apr 14 14:09:39 2021
timezone: CEST
elapsed time: 6 seconds (0d 0h 0m 6s)

