#
# A fatal error has been detected by the Java Runtime Environment:
#
#  SIGSEGV (0xb) at pc=0x0000000000000000, pid=56697, tid=0x000000000000e01b
#
# JRE version: OpenJDK Runtime Environment (8.0_242) (build 1.8.0_242-release-1644-b3-6915495)
# Java VM: OpenJDK 64-Bit Server VM (25.242-b3-6915495 mixed mode bsd-amd64 compressed oops)
# Problematic frame:
# C  0x0000000000000000
#
# Failed to write core dump. Core dumps have been disabled. To enable core dumping, try "ulimit -c unlimited" before starting Java again
#
# If you would like to submit a bug report, please visit:
#   http://bugreport.java.com/bugreport/crash.jsp
#

---------------  T H R E A D  ---------------

Current thread is native thread

siginfo: si_signo: 11 (SIGSEGV), si_code: 2 (SEGV_ACCERR), si_addr: 0x0000000000000000

Registers:
RAX=0x000000012b859508, RBX=0x00000000000161b0, RCX=0x00007f8648044970, RDX=0xfffffffffffffff0
RSP=0x000000030b68ba38, RBP=0x000000030b68bae0, RSI=0x0000000000000000, RDI=0x00007f8648030000
R8 =0x0000000000000200, R9 =0x00007f8676cfe230, R10=0x000000012b8e63ba, R11=0x0000000000000001
R12=0x0000000000000200, R13=0x00007f8648030000, R14=0x00007f8676c08d40, R15=0x0000000000000800
RIP=0x0000000000000000, EFLAGS=0x0000000000000246, ERR=0x0000000000000004
  TRAPNO=0x000000000000000e

Top of Stack: (sp=0x000000030b68ba38)
0x000000030b68ba38:   000000012b82b639 0000000000000000
0x000000030b68ba48:   0000000000000000 00007f86480381b0
0x000000030b68ba58:   000000012bce9000 00007f86480361b0
0x000000030b68ba68:   0000020000000000 0000000000000000
0x000000030b68ba78:   0000000000000800 0219278700000200
0x000000030b68ba88:   00007f86480341b0 00007f8648030000
0x000000030b68ba98:   000002002bf28122 000000000000001f
0x000000030b68baa8:   000000010000037f 021927875b0800d8
0x000000030b68bab8:   00007f8676c08cc0 0000000000000200
0x000000030b68bac8:   00007f8676cfdc20 00007f8676c08d40
0x000000030b68bad8:   00007f8676cfe230 000000030b68baf0
0x000000030b68bae8:   000000012b83b2ef 000000030b68bbb0
0x000000030b68baf8:   000000012b8e3b6a 000000030b68bb30
0x000000030b68bb08:   00007f8676c08f50 00007f8677214000
0x000000030b68bb18:   00007f86772141f8 000000030b680100
0x000000030b68bb28:   00007f8676c08fd0 000000030b68bc50
0x000000030b68bb38:   000000030b68bc68 0000020000000000
0x000000030b68bb48:   000000030b68bcf0 0000000000000001
0x000000030b68bb58:   0000000000000001 0000000000000000
0x000000030b68bb68:   000000012b8e43de 0000000000000000
0x000000030b68bb78:   0000000000000000 021927875b0800d8
0x000000030b68bb88:   00007f8677214000 0000000000001000
0x000000030b68bb98:   0000000000001000 00007f8676c08f50
0x000000030b68bba8:   00007f8676d65040 000000030b68bc50
0x000000030b68bbb8:   000000012b908028 0000000000000001
0x000000030b68bbc8:   000000030b68bc68 00007f8676c08f50
0x000000030b68bbd8:   000000030b68bcf0 0000000000000000
0x000000030b68bbe8:   0000020000001fa0 0000000300009fe0
0x000000030b68bbf8:   00007fff2bf28135 000000000154c796
0x000000030b68bc08:   00007f8677214470 000000030b68bc50
0x000000030b68bc18:   000000012b97f8c1 021927875b0800d8
0x000000030b68bc28:   0000000000000200 00007f8676d65040 

Instructions: (pc=0x0000000000000000)
0xffffffffffffffe0:   

Register to memory mapping:

RAX=0x000000012b859508: PlaybackBackend+0x20 in /private/var/folders/s8/4fvt_pzd1z7dhd55w7x1ylnc0000gn/T/libgdxcarolineskjoren/f7649394/openal.dylib at 0x000000012b810000
RBX=0x00000000000161b0 is an unknown value
RCX=0x00007f8648044970 is an unknown value
RDX=0xfffffffffffffff0 is an unknown value
RSP=0x000000030b68ba38 is an unknown value
RBP=0x000000030b68bae0 is an unknown value
RSI=0x0000000000000000 is an unknown value
RDI=